{"/home/lef/Documents/GitHub/NodeTP/API-Rest-auth/src/app.js": {"path":"/home/lef/Documents/GitHub/NodeTP/API-Rest-auth/src/app.js","statementMap":{"0":{"start":{"line":24,"column":12},"end":{"line":24,"column":21}},"1":{"start":{"line":27,"column":0},"end":{"line":27,"column":18}},"2":{"start":{"line":28,"column":0},"end":{"line":28,"column":16}},"3":{"start":{"line":29,"column":0},"end":{"line":29,"column":20}},"4":{"start":{"line":30,"column":0},"end":{"line":30,"column":24}},"5":{"start":{"line":31,"column":0},"end":{"line":31,"column":24}},"6":{"start":{"line":32,"column":0},"end":{"line":32,"column":38}},"7":{"start":{"line":36,"column":0},"end":{"line":39,"column":4}},"8":{"start":{"line":42,"column":0},"end":{"line":45,"column":3}},"9":{"start":{"line":43,"column":2},"end":{"line":43,"column":52}},"10":{"start":{"line":44,"column":2},"end":{"line":44,"column":24}},"11":{"start":{"line":48,"column":0},"end":{"line":62,"column":3}},"12":{"start":{"line":49,"column":2},"end":{"line":61,"column":5}},"13":{"start":{"line":65,"column":0},"end":{"line":84,"column":3}},"14":{"start":{"line":66,"column":2},"end":{"line":83,"column":3}},"15":{"start":{"line":67,"column":18},"end":{"line":70,"column":6}},"16":{"start":{"line":72,"column":4},"end":{"line":80,"column":7}},"17":{"start":{"line":82,"column":4},"end":{"line":82,"column":67}},"18":{"start":{"line":87,"column":0},"end":{"line":89,"column":3}},"19":{"start":{"line":88,"column":2},"end":{"line":88,"column":71}},"20":{"start":{"line":92,"column":0},"end":{"line":92,"column":34}},"21":{"start":{"line":93,"column":0},"end":{"line":93,"column":37}},"22":{"start":{"line":94,"column":0},"end":{"line":94,"column":33}},"23":{"start":{"line":95,"column":0},"end":{"line":95,"column":38}},"24":{"start":{"line":96,"column":0},"end":{"line":96,"column":34}},"25":{"start":{"line":97,"column":0},"end":{"line":97,"column":34}},"26":{"start":{"line":98,"column":0},"end":{"line":98,"column":34}},"27":{"start":{"line":99,"column":0},"end":{"line":99,"column":35}},"28":{"start":{"line":102,"column":0},"end":{"line":107,"column":3}},"29":{"start":{"line":103,"column":2},"end":{"line":106,"column":5}},"30":{"start":{"line":110,"column":0},"end":{"line":110,"column":22}}},"fnMap":{"0":{"name":"(anonymous_0)","decl":{"start":{"line":42,"column":26},"end":{"line":42,"column":27}},"loc":{"start":{"line":42,"column":40},"end":{"line":45,"column":1}},"line":42},"1":{"name":"(anonymous_1)","decl":{"start":{"line":48,"column":13},"end":{"line":48,"column":14}},"loc":{"start":{"line":48,"column":27},"end":{"line":62,"column":1}},"line":48},"2":{"name":"(anonymous_2)","decl":{"start":{"line":65,"column":23},"end":{"line":65,"column":24}},"loc":{"start":{"line":65,"column":43},"end":{"line":84,"column":1}},"line":65},"3":{"name":"(anonymous_3)","decl":{"start":{"line":87,"column":23},"end":{"line":87,"column":24}},"loc":{"start":{"line":87,"column":37},"end":{"line":89,"column":1}},"line":87},"4":{"name":"(anonymous_4)","decl":{"start":{"line":102,"column":8},"end":{"line":102,"column":9}},"loc":{"start":{"line":102,"column":22},"end":{"line":107,"column":1}},"line":102}},"branchMap":{"0":{"loc":{"start":{"line":68,"column":14},"end":{"line":68,"column":52}},"type":"binary-expr","locations":[{"start":{"line":68,"column":14},"end":{"line":68,"column":39}},{"start":{"line":68,"column":43},"end":{"line":68,"column":52}}],"line":68}},"s":{"0":5,"1":5,"2":5,"3":5,"4":5,"5":5,"6":5,"7":5,"8":5,"9":0,"10":0,"11":5,"12":16,"13":5,"14":0,"15":0,"16":0,"17":0,"18":5,"19":0,"20":5,"21":5,"22":5,"23":5,"24":5,"25":5,"26":5,"27":5,"28":5,"29":1,"30":5},"f":{"0":0,"1":16,"2":0,"3":0,"4":1},"b":{"0":[0,0]},"inputSourceMap":null,"_coverageSchema":"1a1c01bbd47fc00a2c39e90264f33305004495a9","hash":"eb4ecc41d6effcba5c9b20fe986159b16a1b7139"}
,"/home/lef/Documents/GitHub/NodeTP/API-Rest-auth/src/config/logger.js": {"path":"/home/lef/Documents/GitHub/NodeTP/API-Rest-auth/src/config/logger.js","statementMap":{"0":{"start":{"line":5,"column":19},"end":{"line":5,"column":49}},"1":{"start":{"line":6,"column":18},"end":{"line":6,"column":42}},"2":{"start":{"line":8,"column":15},"end":{"line":8,"column":49}},"3":{"start":{"line":10,"column":15},"end":{"line":38,"column":2}},"4":{"start":{"line":40,"column":0},"end":{"line":49,"column":1}},"5":{"start":{"line":41,"column":2},"end":{"line":48,"column":4}}},"fnMap":{},"branchMap":{"0":{"loc":{"start":{"line":11,"column":9},"end":{"line":11,"column":40}},"type":"binary-expr","locations":[{"start":{"line":11,"column":9},"end":{"line":11,"column":30}},{"start":{"line":11,"column":34},"end":{"line":11,"column":40}}],"line":11},"1":{"loc":{"start":{"line":40,"column":0},"end":{"line":49,"column":1}},"type":"if","locations":[{"start":{"line":40,"column":0},"end":{"line":49,"column":1}},{"start":{},"end":{}}],"line":40}},"s":{"0":0,"1":0,"2":0,"3":0,"4":0,"5":0},"f":{},"b":{"0":[0,0],"1":[0,0]},"inputSourceMap":null}
,"/home/lef/Documents/GitHub/NodeTP/API-Rest-auth/src/config/passport.js": {"path":"/home/lef/Documents/GitHub/NodeTP/API-Rest-auth/src/config/passport.js","statementMap":{"0":{"start":{"line":5,"column":32},"end":{"line":5,"column":40}},"1":{"start":{"line":6,"column":0},"end":{"line":60,"column":2}},"2":{"start":{"line":14,"column":6},"end":{"line":57,"column":7}},"3":{"start":{"line":15,"column":22},"end":{"line":15,"column":45}},"4":{"start":{"line":17,"column":19},"end":{"line":17,"column":69}},"5":{"start":{"line":19,"column":8},"end":{"line":28,"column":9}},"6":{"start":{"line":20,"column":10},"end":{"line":27,"column":13}},"7":{"start":{"line":30,"column":27},"end":{"line":35,"column":10}},"8":{"start":{"line":37,"column":8},"end":{"line":52,"column":9}},"9":{"start":{"line":38,"column":10},"end":{"line":46,"column":13}},"10":{"start":{"line":48,"column":10},"end":{"line":51,"column":13}},"11":{"start":{"line":54,"column":8},"end":{"line":54,"column":32}},"12":{"start":{"line":56,"column":8},"end":{"line":56,"column":33}},"13":{"start":{"line":62,"column":0},"end":{"line":64,"column":3}},"14":{"start":{"line":63,"column":2},"end":{"line":63,"column":22}},"15":{"start":{"line":66,"column":0},"end":{"line":73,"column":3}},"16":{"start":{"line":67,"column":2},"end":{"line":72,"column":3}},"17":{"start":{"line":68,"column":17},"end":{"line":68,"column":64}},"18":{"start":{"line":69,"column":4},"end":{"line":69,"column":21}},"19":{"start":{"line":71,"column":4},"end":{"line":71,"column":22}}},"fnMap":{"0":{"name":"(anonymous_0)","decl":{"start":{"line":13,"column":4},"end":{"line":13,"column":5}},"loc":{"start":{"line":13,"column":56},"end":{"line":58,"column":5}},"line":13},"1":{"name":"(anonymous_1)","decl":{"start":{"line":62,"column":31},"end":{"line":62,"column":32}},"loc":{"start":{"line":62,"column":47},"end":{"line":64,"column":1}},"line":62},"2":{"name":"(anonymous_2)","decl":{"start":{"line":66,"column":33},"end":{"line":66,"column":34}},"loc":{"start":{"line":66,"column":53},"end":{"line":73,"column":1}},"line":66}},"branchMap":{"0":{"loc":{"start":{"line":9,"column":16},"end":{"line":9,"column":65}},"type":"binary-expr","locations":[{"start":{"line":9,"column":16},"end":{"line":9,"column":44}},{"start":{"line":9,"column":48},"end":{"line":9,"column":65}}],"line":9},"1":{"loc":{"start":{"line":10,"column":20},"end":{"line":10,"column":70}},"type":"binary-expr","locations":[{"start":{"line":10,"column":20},"end":{"line":10,"column":52}},{"start":{"line":10,"column":56},"end":{"line":10,"column":70}}],"line":10},"2":{"loc":{"start":{"line":11,"column":19},"end":{"line":11,"column":98}},"type":"binary-expr","locations":[{"start":{"line":11,"column":19},"end":{"line":11,"column":50}},{"start":{"line":11,"column":54},"end":{"line":11,"column":98}}],"line":11},"3":{"loc":{"start":{"line":19,"column":8},"end":{"line":28,"column":9}},"type":"if","locations":[{"start":{"line":19,"column":8},"end":{"line":28,"column":9}},{"start":{},"end":{}}],"line":19},"4":{"loc":{"start":{"line":37,"column":8},"end":{"line":52,"column":9}},"type":"if","locations":[{"start":{"line":37,"column":8},"end":{"line":52,"column":9}},{"start":{"line":47,"column":15},"end":{"line":52,"column":9}}],"line":37}},"s":{"0":0,"1":0,"2":0,"3":0,"4":0,"5":0,"6":0,"7":0,"8":0,"9":0,"10":0,"11":0,"12":0,"13":0,"14":0,"15":0,"16":0,"17":0,"18":0,"19":0},"f":{"0":0,"1":0,"2":0},"b":{"0":[0,0],"1":[0,0],"2":[0,0],"3":[0,0],"4":[0,0]},"inputSourceMap":null}
,"/home/lef/Documents/GitHub/NodeTP/API-Rest-auth/src/config/swagger.config.js": {"path":"/home/lef/Documents/GitHub/NodeTP/API-Rest-auth/src/config/swagger.config.js","statementMap":{"0":{"start":{"line":3,"column":16},"end":{"line":179,"column":1}},"1":{"start":{"line":181,"column":27},"end":{"line":181,"column":48}}},"fnMap":{},"branchMap":{},"s":{"0":5,"1":5},"f":{},"b":{},"inputSourceMap":null,"_coverageSchema":"1a1c01bbd47fc00a2c39e90264f33305004495a9","hash":"a396300bd466db77fa055bdaf085701096c322ea"}
,"/home/lef/Documents/GitHub/NodeTP/API-Rest-auth/src/controllers/admin.controller.js": {"path":"/home/lef/Documents/GitHub/NodeTP/API-Rest-auth/src/controllers/admin.controller.js","statementMap":{"0":{"start":{"line":10,"column":31},"end":{"line":17,"column":6}},"1":{"start":{"line":11,"column":22},"end":{"line":11,"column":64}},"2":{"start":{"line":13,"column":8},"end":{"line":16,"column":11}},"3":{"start":{"line":23,"column":24},"end":{"line":31,"column":6}},"4":{"start":{"line":24,"column":23},"end":{"line":24,"column":49}},"5":{"start":{"line":26,"column":8},"end":{"line":30,"column":11}},"6":{"start":{"line":37,"column":30},"end":{"line":46,"column":6}},"7":{"start":{"line":38,"column":27},"end":{"line":38,"column":37}},"8":{"start":{"line":39,"column":22},"end":{"line":39,"column":72}},"9":{"start":{"line":41,"column":8},"end":{"line":45,"column":11}}},"fnMap":{"0":{"name":"(anonymous_0)","decl":{"start":{"line":10,"column":44},"end":{"line":10,"column":45}},"loc":{"start":{"line":10,"column":64},"end":{"line":17,"column":5}},"line":10},"1":{"name":"(anonymous_1)","decl":{"start":{"line":23,"column":37},"end":{"line":23,"column":38}},"loc":{"start":{"line":23,"column":57},"end":{"line":31,"column":5}},"line":23},"2":{"name":"(anonymous_2)","decl":{"start":{"line":37,"column":43},"end":{"line":37,"column":44}},"loc":{"start":{"line":37,"column":63},"end":{"line":46,"column":5}},"line":37}},"branchMap":{},"s":{"0":5,"1":0,"2":0,"3":5,"4":0,"5":0,"6":5,"7":0,"8":0,"9":0},"f":{"0":0,"1":0,"2":0},"b":{},"inputSourceMap":null,"_coverageSchema":"1a1c01bbd47fc00a2c39e90264f33305004495a9","hash":"7f5b31c8bc35c105cb2d4b0477ef38c4d309bf15"}
,"/home/lef/Documents/GitHub/NodeTP/API-Rest-auth/src/controllers/auth.controller.js": {"path":"/home/lef/Documents/GitHub/NodeTP/API-Rest-auth/src/controllers/auth.controller.js","statementMap":{"0":{"start":{"line":8,"column":22},"end":{"line":8,"column":31}},"1":{"start":{"line":10,"column":6},"end":{"line":10,"column":42}},"2":{"start":{"line":11,"column":6},"end":{"line":14,"column":8}},"3":{"start":{"line":19,"column":22},"end":{"line":19,"column":32}},"4":{"start":{"line":21,"column":6},"end":{"line":21,"column":42}},"5":{"start":{"line":22,"column":6},"end":{"line":25,"column":8}},"6":{"start":{"line":30,"column":24},"end":{"line":30,"column":32}},"7":{"start":{"line":32,"column":6},"end":{"line":37,"column":7}},"8":{"start":{"line":33,"column":8},"end":{"line":36,"column":10}},"9":{"start":{"line":40,"column":6},"end":{"line":40,"column":60}},"10":{"start":{"line":42,"column":6},"end":{"line":45,"column":8}},"11":{"start":{"line":50,"column":24},"end":{"line":50,"column":32}},"12":{"start":{"line":51,"column":6},"end":{"line":51,"column":45}},"13":{"start":{"line":52,"column":6},"end":{"line":55,"column":8}},"14":{"start":{"line":60,"column":32},"end":{"line":60,"column":40}},"15":{"start":{"line":62,"column":4},"end":{"line":62,"column":52}},"16":{"start":{"line":63,"column":4},"end":{"line":66,"column":6}},"17":{"start":{"line":71,"column":29},"end":{"line":71,"column":37}},"18":{"start":{"line":72,"column":23},"end":{"line":75,"column":5}},"19":{"start":{"line":76,"column":19},"end":{"line":76,"column":70}},"20":{"start":{"line":78,"column":4},"end":{"line":78,"column":33}}},"fnMap":{"0":{"name":"(anonymous_0)","decl":{"start":{"line":7,"column":4},"end":{"line":7,"column":5}},"loc":{"start":{"line":7,"column":49},"end":{"line":15,"column":5}},"line":7},"1":{"name":"(anonymous_1)","decl":{"start":{"line":18,"column":4},"end":{"line":18,"column":5}},"loc":{"start":{"line":18,"column":46},"end":{"line":26,"column":5}},"line":18},"2":{"name":"(anonymous_2)","decl":{"start":{"line":29,"column":4},"end":{"line":29,"column":5}},"loc":{"start":{"line":29,"column":46},"end":{"line":46,"column":5}},"line":29},"3":{"name":"(anonymous_3)","decl":{"start":{"line":49,"column":4},"end":{"line":49,"column":5}},"loc":{"start":{"line":49,"column":42},"end":{"line":56,"column":5}},"line":49},"4":{"name":"(anonymous_4)","decl":{"start":{"line":59,"column":2},"end":{"line":59,"column":3}},"loc":{"start":{"line":59,"column":39},"end":{"line":67,"column":3}},"line":59},"5":{"name":"(anonymous_5)","decl":{"start":{"line":70,"column":2},"end":{"line":70,"column":3}},"loc":{"start":{"line":70,"column":33},"end":{"line":79,"column":3}},"line":70}},"branchMap":{"0":{"loc":{"start":{"line":32,"column":6},"end":{"line":37,"column":7}},"type":"if","locations":[{"start":{"line":32,"column":6},"end":{"line":37,"column":7}},{"start":{},"end":{}}],"line":32},"1":{"loc":{"start":{"line":74,"column":17},"end":{"line":74,"column":55}},"type":"binary-expr","locations":[{"start":{"line":74,"column":17},"end":{"line":74,"column":23}},{"start":{"line":74,"column":27},"end":{"line":74,"column":55}}],"line":74}},"s":{"0":0,"1":0,"2":0,"3":0,"4":0,"5":0,"6":0,"7":0,"8":0,"9":0,"10":0,"11":0,"12":0,"13":0,"14":0,"15":0,"16":0,"17":0,"18":0,"19":0,"20":0},"f":{"0":0,"1":0,"2":0,"3":0,"4":0,"5":0},"b":{"0":[0,0],"1":[0,0]},"inputSourceMap":null,"_coverageSchema":"1a1c01bbd47fc00a2c39e90264f33305004495a9","hash":"5fdcdf48cb4b868edfee7ee06f0bf2db3276e79f"}
,"/home/lef/Documents/GitHub/NodeTP/API-Rest-auth/src/controllers/oauthController.js": {"path":"/home/lef/Documents/GitHub/NodeTP/API-Rest-auth/src/controllers/oauthController.js","statementMap":{"0":{"start":{"line":7,"column":4},"end":{"line":7,"column":71}},"1":{"start":{"line":11,"column":4},"end":{"line":11,"column":109}},"2":{"start":{"line":15,"column":4},"end":{"line":23,"column":5}},"3":{"start":{"line":16,"column":21},"end":{"line":16,"column":32}},"4":{"start":{"line":17,"column":27},"end":{"line":17,"column":37}},"5":{"start":{"line":20,"column":6},"end":{"line":20,"column":70}},"6":{"start":{"line":22,"column":6},"end":{"line":22,"column":53}},"7":{"start":{"line":27,"column":4},"end":{"line":34,"column":5}},"8":{"start":{"line":28,"column":21},"end":{"line":28,"column":32}},"9":{"start":{"line":30,"column":23},"end":{"line":30,"column":25}},"10":{"start":{"line":31,"column":6},"end":{"line":31,"column":29}},"11":{"start":{"line":33,"column":6},"end":{"line":33,"column":53}},"12":{"start":{"line":38,"column":19},"end":{"line":38,"column":40}},"13":{"start":{"line":39,"column":26},"end":{"line":39,"column":64}},"14":{"start":{"line":40,"column":30},"end":{"line":40,"column":72}},"15":{"start":{"line":41,"column":30},"end":{"line":41,"column":72}},"16":{"start":{"line":42,"column":33},"end":{"line":42,"column":78}}},"fnMap":{"0":{"name":"(anonymous_0)","decl":{"start":{"line":6,"column":2},"end":{"line":6,"column":3}},"loc":{"start":{"line":6,"column":29},"end":{"line":8,"column":3}},"line":6},"1":{"name":"(anonymous_1)","decl":{"start":{"line":10,"column":2},"end":{"line":10,"column":3}},"loc":{"start":{"line":10,"column":39},"end":{"line":12,"column":3}},"line":10},"2":{"name":"(anonymous_2)","decl":{"start":{"line":14,"column":2},"end":{"line":14,"column":3}},"loc":{"start":{"line":14,"column":33},"end":{"line":24,"column":3}},"line":14},"3":{"name":"(anonymous_3)","decl":{"start":{"line":26,"column":2},"end":{"line":26,"column":3}},"loc":{"start":{"line":26,"column":36},"end":{"line":35,"column":3}},"line":26}},"branchMap":{"0":{"loc":{"start":{"line":11,"column":20},"end":{"line":11,"column":71}},"type":"binary-expr","locations":[{"start":{"line":11,"column":20},"end":{"line":11,"column":44}},{"start":{"line":11,"column":48},"end":{"line":11,"column":71}}],"line":11}},"s":{"0":0,"1":0,"2":0,"3":0,"4":0,"5":0,"6":0,"7":0,"8":0,"9":0,"10":0,"11":0,"12":5,"13":5,"14":5,"15":5,"16":5},"f":{"0":0,"1":0,"2":0,"3":0},"b":{"0":[0,0]},"inputSourceMap":null,"_coverageSchema":"1a1c01bbd47fc00a2c39e90264f33305004495a9","hash":"b708396a415fd50f8006d0d6d732057388207cbf"}
,"/home/lef/Documents/GitHub/NodeTP/API-Rest-auth/src/controllers/password.controller.js": {"path":"/home/lef/Documents/GitHub/NodeTP/API-Rest-auth/src/controllers/password.controller.js","statementMap":{"0":{"start":{"line":9,"column":28},"end":{"line":33,"column":6}},"1":{"start":{"line":10,"column":45},"end":{"line":10,"column":53}},"2":{"start":{"line":11,"column":23},"end":{"line":11,"column":38}},"3":{"start":{"line":13,"column":8},"end":{"line":18,"column":9}},"4":{"start":{"line":14,"column":12},"end":{"line":17,"column":15}},"5":{"start":{"line":20,"column":8},"end":{"line":25,"column":9}},"6":{"start":{"line":21,"column":12},"end":{"line":24,"column":15}},"7":{"start":{"line":27,"column":8},"end":{"line":27,"column":85}},"8":{"start":{"line":29,"column":8},"end":{"line":32,"column":11}}},"fnMap":{"0":{"name":"(anonymous_0)","decl":{"start":{"line":9,"column":41},"end":{"line":9,"column":42}},"loc":{"start":{"line":9,"column":61},"end":{"line":33,"column":5}},"line":9}},"branchMap":{"0":{"loc":{"start":{"line":13,"column":8},"end":{"line":18,"column":9}},"type":"if","locations":[{"start":{"line":13,"column":8},"end":{"line":18,"column":9}},{"start":{},"end":{}}],"line":13},"1":{"loc":{"start":{"line":13,"column":12},"end":{"line":13,"column":40}},"type":"binary-expr","locations":[{"start":{"line":13,"column":12},"end":{"line":13,"column":24}},{"start":{"line":13,"column":28},"end":{"line":13,"column":40}}],"line":13},"2":{"loc":{"start":{"line":20,"column":8},"end":{"line":25,"column":9}},"type":"if","locations":[{"start":{"line":20,"column":8},"end":{"line":25,"column":9}},{"start":{},"end":{}}],"line":20}},"s":{"0":5,"1":0,"2":0,"3":0,"4":0,"5":0,"6":0,"7":0,"8":0},"f":{"0":0},"b":{"0":[0,0],"1":[0,0],"2":[0,0]},"inputSourceMap":null,"_coverageSchema":"1a1c01bbd47fc00a2c39e90264f33305004495a9","hash":"f07d9577ee3df4ba9e55f33f6c4cacacc115b99c"}
,"/home/lef/Documents/GitHub/NodeTP/API-Rest-auth/src/controllers/twoFactor.controller.js": {"path":"/home/lef/Documents/GitHub/NodeTP/API-Rest-auth/src/controllers/twoFactor.controller.js","statementMap":{"0":{"start":{"line":8,"column":18},"end":{"line":22,"column":4}},"1":{"start":{"line":9,"column":19},"end":{"line":9,"column":34}},"2":{"start":{"line":11,"column":19},"end":{"line":11,"column":59}},"3":{"start":{"line":13,"column":4},"end":{"line":21,"column":7}},"4":{"start":{"line":27,"column":19},"end":{"line":44,"column":4}},"5":{"start":{"line":28,"column":19},"end":{"line":28,"column":34}},"6":{"start":{"line":29,"column":21},"end":{"line":29,"column":29}},"7":{"start":{"line":31,"column":4},"end":{"line":36,"column":5}},"8":{"start":{"line":32,"column":6},"end":{"line":35,"column":9}},"9":{"start":{"line":38,"column":4},"end":{"line":38,"column":52}},"10":{"start":{"line":40,"column":4},"end":{"line":43,"column":7}},"11":{"start":{"line":49,"column":18},"end":{"line":67,"column":4}},"12":{"start":{"line":50,"column":19},"end":{"line":50,"column":34}},"13":{"start":{"line":51,"column":21},"end":{"line":51,"column":29}},"14":{"start":{"line":53,"column":4},"end":{"line":58,"column":5}},"15":{"start":{"line":54,"column":6},"end":{"line":57,"column":9}},"16":{"start":{"line":60,"column":19},"end":{"line":60,"column":65}},"17":{"start":{"line":62,"column":4},"end":{"line":66,"column":7}},"18":{"start":{"line":72,"column":19},"end":{"line":89,"column":4}},"19":{"start":{"line":73,"column":19},"end":{"line":73,"column":34}},"20":{"start":{"line":74,"column":25},"end":{"line":74,"column":33}},"21":{"start":{"line":76,"column":4},"end":{"line":81,"column":5}},"22":{"start":{"line":77,"column":6},"end":{"line":80,"column":9}},"23":{"start":{"line":83,"column":4},"end":{"line":83,"column":56}},"24":{"start":{"line":85,"column":4},"end":{"line":88,"column":7}}},"fnMap":{"0":{"name":"(anonymous_0)","decl":{"start":{"line":8,"column":31},"end":{"line":8,"column":32}},"loc":{"start":{"line":8,"column":51},"end":{"line":22,"column":3}},"line":8},"1":{"name":"(anonymous_1)","decl":{"start":{"line":27,"column":32},"end":{"line":27,"column":33}},"loc":{"start":{"line":27,"column":52},"end":{"line":44,"column":3}},"line":27},"2":{"name":"(anonymous_2)","decl":{"start":{"line":49,"column":31},"end":{"line":49,"column":32}},"loc":{"start":{"line":49,"column":51},"end":{"line":67,"column":3}},"line":49},"3":{"name":"(anonymous_3)","decl":{"start":{"line":72,"column":32},"end":{"line":72,"column":33}},"loc":{"start":{"line":72,"column":52},"end":{"line":89,"column":3}},"line":72}},"branchMap":{"0":{"loc":{"start":{"line":31,"column":4},"end":{"line":36,"column":5}},"type":"if","locations":[{"start":{"line":31,"column":4},"end":{"line":36,"column":5}},{"start":{},"end":{}}],"line":31},"1":{"loc":{"start":{"line":53,"column":4},"end":{"line":58,"column":5}},"type":"if","locations":[{"start":{"line":53,"column":4},"end":{"line":58,"column":5}},{"start":{},"end":{}}],"line":53},"2":{"loc":{"start":{"line":64,"column":15},"end":{"line":64,"column":58}},"type":"cond-expr","locations":[{"start":{"line":64,"column":30},"end":{"line":64,"column":42}},{"start":{"line":64,"column":45},"end":{"line":64,"column":58}}],"line":64},"3":{"loc":{"start":{"line":76,"column":4},"end":{"line":81,"column":5}},"type":"if","locations":[{"start":{"line":76,"column":4},"end":{"line":81,"column":5}},{"start":{},"end":{}}],"line":76}},"s":{"0":5,"1":0,"2":0,"3":0,"4":5,"5":0,"6":0,"7":0,"8":0,"9":0,"10":0,"11":5,"12":0,"13":0,"14":0,"15":0,"16":0,"17":0,"18":5,"19":0,"20":0,"21":0,"22":0,"23":0,"24":0},"f":{"0":0,"1":0,"2":0,"3":0},"b":{"0":[0,0],"1":[0,0],"2":[0,0],"3":[0,0]},"inputSourceMap":null,"_coverageSchema":"1a1c01bbd47fc00a2c39e90264f33305004495a9","hash":"f87b8b6d38f2888dd5f594ff29b7c19e80a03cf1"}
,"/home/lef/Documents/GitHub/NodeTP/API-Rest-auth/src/controllers/twoFactorController.js": {"path":"/home/lef/Documents/GitHub/NodeTP/API-Rest-auth/src/controllers/twoFactorController.js","statementMap":{"0":{"start":{"line":5,"column":4},"end":{"line":17,"column":5}},"1":{"start":{"line":6,"column":21},"end":{"line":6,"column":32}},"2":{"start":{"line":9,"column":6},"end":{"line":14,"column":9}},"3":{"start":{"line":16,"column":6},"end":{"line":16,"column":53}},"4":{"start":{"line":21,"column":4},"end":{"line":34,"column":5}},"5":{"start":{"line":22,"column":21},"end":{"line":22,"column":32}},"6":{"start":{"line":23,"column":24},"end":{"line":23,"column":32}},"7":{"start":{"line":25,"column":6},"end":{"line":27,"column":7}},"8":{"start":{"line":26,"column":8},"end":{"line":26,"column":62}},"9":{"start":{"line":31,"column":6},"end":{"line":31,"column":54}},"10":{"start":{"line":33,"column":6},"end":{"line":33,"column":53}},"11":{"start":{"line":38,"column":4},"end":{"line":51,"column":5}},"12":{"start":{"line":39,"column":21},"end":{"line":39,"column":32}},"13":{"start":{"line":40,"column":34},"end":{"line":40,"column":42}},"14":{"start":{"line":42,"column":6},"end":{"line":44,"column":7}},"15":{"start":{"line":43,"column":8},"end":{"line":43,"column":78}},"16":{"start":{"line":48,"column":6},"end":{"line":48,"column":57}},"17":{"start":{"line":50,"column":6},"end":{"line":50,"column":53}},"18":{"start":{"line":55,"column":4},"end":{"line":73,"column":5}},"19":{"start":{"line":56,"column":21},"end":{"line":56,"column":32}},"20":{"start":{"line":57,"column":24},"end":{"line":57,"column":32}},"21":{"start":{"line":59,"column":6},"end":{"line":61,"column":7}},"22":{"start":{"line":60,"column":8},"end":{"line":60,"column":62}},"23":{"start":{"line":64,"column":23},"end":{"line":64,"column":27}},"24":{"start":{"line":66,"column":6},"end":{"line":68,"column":7}},"25":{"start":{"line":67,"column":8},"end":{"line":67,"column":64}},"26":{"start":{"line":70,"column":6},"end":{"line":70,"column":43}},"27":{"start":{"line":72,"column":6},"end":{"line":72,"column":53}},"28":{"start":{"line":77,"column":19},"end":{"line":77,"column":44}},"29":{"start":{"line":78,"column":22},"end":{"line":78,"column":56}},"30":{"start":{"line":79,"column":23},"end":{"line":79,"column":58}},"31":{"start":{"line":80,"column":23},"end":{"line":80,"column":58}},"32":{"start":{"line":81,"column":22},"end":{"line":81,"column":56}}},"fnMap":{"0":{"name":"(anonymous_0)","decl":{"start":{"line":4,"column":2},"end":{"line":4,"column":3}},"loc":{"start":{"line":4,"column":25},"end":{"line":18,"column":3}},"line":4},"1":{"name":"(anonymous_1)","decl":{"start":{"line":20,"column":2},"end":{"line":20,"column":3}},"loc":{"start":{"line":20,"column":26},"end":{"line":35,"column":3}},"line":20},"2":{"name":"(anonymous_2)","decl":{"start":{"line":37,"column":2},"end":{"line":37,"column":3}},"loc":{"start":{"line":37,"column":26},"end":{"line":52,"column":3}},"line":37},"3":{"name":"(anonymous_3)","decl":{"start":{"line":54,"column":2},"end":{"line":54,"column":3}},"loc":{"start":{"line":54,"column":25},"end":{"line":74,"column":3}},"line":54}},"branchMap":{"0":{"loc":{"start":{"line":25,"column":6},"end":{"line":27,"column":7}},"type":"if","locations":[{"start":{"line":25,"column":6},"end":{"line":27,"column":7}},{"start":{},"end":{}}],"line":25},"1":{"loc":{"start":{"line":42,"column":6},"end":{"line":44,"column":7}},"type":"if","locations":[{"start":{"line":42,"column":6},"end":{"line":44,"column":7}},{"start":{},"end":{}}],"line":42},"2":{"loc":{"start":{"line":42,"column":10},"end":{"line":42,"column":29}},"type":"binary-expr","locations":[{"start":{"line":42,"column":10},"end":{"line":42,"column":19}},{"start":{"line":42,"column":23},"end":{"line":42,"column":29}}],"line":42},"3":{"loc":{"start":{"line":59,"column":6},"end":{"line":61,"column":7}},"type":"if","locations":[{"start":{"line":59,"column":6},"end":{"line":61,"column":7}},{"start":{},"end":{}}],"line":59},"4":{"loc":{"start":{"line":66,"column":6},"end":{"line":68,"column":7}},"type":"if","locations":[{"start":{"line":66,"column":6},"end":{"line":68,"column":7}},{"start":{},"end":{}}],"line":66}},"s":{"0":0,"1":0,"2":0,"3":0,"4":0,"5":0,"6":0,"7":0,"8":0,"9":0,"10":0,"11":0,"12":0,"13":0,"14":0,"15":0,"16":0,"17":0,"18":0,"19":0,"20":0,"21":0,"22":0,"23":0,"24":0,"25":0,"26":0,"27":0,"28":0,"29":0,"30":0,"31":0,"32":0},"f":{"0":0,"1":0,"2":0,"3":0},"b":{"0":[0,0],"1":[0,0],"2":[0,0],"3":[0,0],"4":[0,0]},"inputSourceMap":null}
,"/home/lef/Documents/GitHub/NodeTP/API-Rest-auth/src/controllers/user.controller.js": {"path":"/home/lef/Documents/GitHub/NodeTP/API-Rest-auth/src/controllers/user.controller.js","statementMap":{"0":{"start":{"line":11,"column":22},"end":{"line":20,"column":6}},"1":{"start":{"line":12,"column":30},"end":{"line":12,"column":68}},"2":{"start":{"line":13,"column":23},"end":{"line":13,"column":64}},"3":{"start":{"line":15,"column":8},"end":{"line":19,"column":11}},"4":{"start":{"line":26,"column":19},"end":{"line":42,"column":6}},"5":{"start":{"line":27,"column":30},"end":{"line":27,"column":65}},"6":{"start":{"line":30,"column":25},"end":{"line":33,"column":9}},"7":{"start":{"line":35,"column":23},"end":{"line":35,"column":71}},"8":{"start":{"line":37,"column":8},"end":{"line":41,"column":11}},"9":{"start":{"line":48,"column":24},"end":{"line":55,"column":6}},"10":{"start":{"line":49,"column":21},"end":{"line":49,"column":63}},"11":{"start":{"line":51,"column":8},"end":{"line":54,"column":11}},"12":{"start":{"line":61,"column":27},"end":{"line":70,"column":6}},"13":{"start":{"line":62,"column":30},"end":{"line":62,"column":70}},"14":{"start":{"line":63,"column":21},"end":{"line":63,"column":77}},"15":{"start":{"line":65,"column":8},"end":{"line":69,"column":11}},"16":{"start":{"line":76,"column":20},"end":{"line":86,"column":6}},"17":{"start":{"line":77,"column":29},"end":{"line":77,"column":50}},"18":{"start":{"line":78,"column":28},"end":{"line":78,"column":37}},"19":{"start":{"line":80,"column":8},"end":{"line":80,"column":60}},"20":{"start":{"line":82,"column":8},"end":{"line":85,"column":11}},"21":{"start":{"line":92,"column":29},"end":{"line":100,"column":6}},"22":{"start":{"line":93,"column":22},"end":{"line":93,"column":53}},"23":{"start":{"line":94,"column":24},"end":{"line":94,"column":77}},"24":{"start":{"line":96,"column":8},"end":{"line":99,"column":11}},"25":{"start":{"line":106,"column":31},"end":{"line":117,"column":6}},"26":{"start":{"line":107,"column":27},"end":{"line":107,"column":63}},"27":{"start":{"line":108,"column":22},"end":{"line":108,"column":87}},"28":{"start":{"line":110,"column":8},"end":{"line":116,"column":11}},"29":{"start":{"line":123,"column":35},"end":{"line":135,"column":6}},"30":{"start":{"line":124,"column":40},"end":{"line":124,"column":86}},"31":{"start":{"line":125,"column":22},"end":{"line":125,"column":86}},"32":{"start":{"line":130,"column":8},"end":{"line":134,"column":11}},"33":{"start":{"line":141,"column":25},"end":{"line":149,"column":6}},"34":{"start":{"line":142,"column":40},"end":{"line":142,"column":86}},"35":{"start":{"line":143,"column":8},"end":{"line":143,"column":64}},"36":{"start":{"line":145,"column":8},"end":{"line":148,"column":11}}},"fnMap":{"0":{"name":"(anonymous_0)","decl":{"start":{"line":11,"column":35},"end":{"line":11,"column":36}},"loc":{"start":{"line":11,"column":55},"end":{"line":20,"column":5}},"line":11},"1":{"name":"(anonymous_1)","decl":{"start":{"line":26,"column":32},"end":{"line":26,"column":33}},"loc":{"start":{"line":26,"column":52},"end":{"line":42,"column":5}},"line":26},"2":{"name":"(anonymous_2)","decl":{"start":{"line":48,"column":37},"end":{"line":48,"column":38}},"loc":{"start":{"line":48,"column":57},"end":{"line":55,"column":5}},"line":48},"3":{"name":"(anonymous_3)","decl":{"start":{"line":61,"column":40},"end":{"line":61,"column":41}},"loc":{"start":{"line":61,"column":60},"end":{"line":70,"column":5}},"line":61},"4":{"name":"(anonymous_4)","decl":{"start":{"line":76,"column":33},"end":{"line":76,"column":34}},"loc":{"start":{"line":76,"column":53},"end":{"line":86,"column":5}},"line":76},"5":{"name":"(anonymous_5)","decl":{"start":{"line":92,"column":42},"end":{"line":92,"column":43}},"loc":{"start":{"line":92,"column":62},"end":{"line":100,"column":5}},"line":92},"6":{"name":"(anonymous_6)","decl":{"start":{"line":106,"column":44},"end":{"line":106,"column":45}},"loc":{"start":{"line":106,"column":64},"end":{"line":117,"column":5}},"line":106},"7":{"name":"(anonymous_7)","decl":{"start":{"line":123,"column":48},"end":{"line":123,"column":49}},"loc":{"start":{"line":123,"column":68},"end":{"line":135,"column":5}},"line":123},"8":{"name":"(anonymous_8)","decl":{"start":{"line":141,"column":38},"end":{"line":141,"column":39}},"loc":{"start":{"line":141,"column":58},"end":{"line":149,"column":5}},"line":141}},"branchMap":{"0":{"loc":{"start":{"line":31,"column":23},"end":{"line":31,"column":61}},"type":"binary-expr","locations":[{"start":{"line":31,"column":23},"end":{"line":31,"column":29}},{"start":{"line":31,"column":33},"end":{"line":31,"column":61}}],"line":31},"1":{"loc":{"start":{"line":93,"column":22},"end":{"line":93,"column":53}},"type":"binary-expr","locations":[{"start":{"line":93,"column":22},"end":{"line":93,"column":47}},{"start":{"line":93,"column":51},"end":{"line":93,"column":53}}],"line":93},"2":{"loc":{"start":{"line":107,"column":27},"end":{"line":107,"column":63}},"type":"binary-expr","locations":[{"start":{"line":107,"column":27},"end":{"line":107,"column":57}},{"start":{"line":107,"column":61},"end":{"line":107,"column":63}}],"line":107}},"s":{"0":5,"1":29,"2":27,"3":0,"4":5,"5":23,"6":23,"7":23,"8":0,"9":5,"10":0,"11":0,"12":5,"13":0,"14":0,"15":0,"16":5,"17":0,"18":0,"19":0,"20":0,"21":5,"22":0,"23":0,"24":0,"25":5,"26":0,"27":0,"28":0,"29":5,"30":0,"31":0,"32":0,"33":5,"34":0,"35":0,"36":0},"f":{"0":29,"1":23,"2":0,"3":0,"4":0,"5":0,"6":0,"7":0,"8":0},"b":{"0":[23,0],"1":[0,0],"2":[0,0]},"inputSourceMap":null,"_coverageSchema":"1a1c01bbd47fc00a2c39e90264f33305004495a9","hash":"268e215242811d9f947658a294a9c82d1f84abfd"}
,"/home/lef/Documents/GitHub/NodeTP/API-Rest-auth/src/controllers/userController.js": {"path":"/home/lef/Documents/GitHub/NodeTP/API-Rest-auth/src/controllers/userController.js","statementMap":{"0":{"start":{"line":5,"column":4},"end":{"line":12,"column":5}},"1":{"start":{"line":6,"column":21},"end":{"line":6,"column":32}},"2":{"start":{"line":8,"column":22},"end":{"line":8,"column":80}},"3":{"start":{"line":9,"column":6},"end":{"line":9,"column":24}},"4":{"start":{"line":11,"column":6},"end":{"line":11,"column":53}},"5":{"start":{"line":16,"column":4},"end":{"line":27,"column":5}},"6":{"start":{"line":17,"column":21},"end":{"line":17,"column":32}},"7":{"start":{"line":18,"column":30},"end":{"line":18,"column":38}},"8":{"start":{"line":21,"column":6},"end":{"line":24,"column":9}},"9":{"start":{"line":26,"column":6},"end":{"line":26,"column":53}},"10":{"start":{"line":31,"column":4},"end":{"line":43,"column":5}},"11":{"start":{"line":32,"column":21},"end":{"line":32,"column":32}},"12":{"start":{"line":33,"column":27},"end":{"line":33,"column":35}},"13":{"start":{"line":35,"column":6},"end":{"line":37,"column":7}},"14":{"start":{"line":36,"column":8},"end":{"line":36,"column":70}},"15":{"start":{"line":40,"column":6},"end":{"line":40,"column":60}},"16":{"start":{"line":42,"column":6},"end":{"line":42,"column":53}},"17":{"start":{"line":47,"column":4},"end":{"line":57,"column":5}},"18":{"start":{"line":48,"column":21},"end":{"line":48,"column":32}},"19":{"start":{"line":50,"column":19},"end":{"line":50,"column":70}},"20":{"start":{"line":52,"column":6},"end":{"line":52,"column":56}},"21":{"start":{"line":53,"column":6},"end":{"line":53,"column":94}},"22":{"start":{"line":54,"column":6},"end":{"line":54,"column":21}},"23":{"start":{"line":56,"column":6},"end":{"line":56,"column":53}},"24":{"start":{"line":61,"column":19},"end":{"line":61,"column":39}},"25":{"start":{"line":62,"column":26},"end":{"line":62,"column":64}},"26":{"start":{"line":63,"column":29},"end":{"line":63,"column":70}},"27":{"start":{"line":64,"column":29},"end":{"line":64,"column":70}},"28":{"start":{"line":65,"column":26},"end":{"line":65,"column":64}}},"fnMap":{"0":{"name":"(anonymous_0)","decl":{"start":{"line":4,"column":2},"end":{"line":4,"column":3}},"loc":{"start":{"line":4,"column":29},"end":{"line":13,"column":3}},"line":4},"1":{"name":"(anonymous_1)","decl":{"start":{"line":15,"column":2},"end":{"line":15,"column":3}},"loc":{"start":{"line":15,"column":32},"end":{"line":28,"column":3}},"line":15},"2":{"name":"(anonymous_2)","decl":{"start":{"line":30,"column":2},"end":{"line":30,"column":3}},"loc":{"start":{"line":30,"column":32},"end":{"line":44,"column":3}},"line":30},"3":{"name":"(anonymous_3)","decl":{"start":{"line":46,"column":2},"end":{"line":46,"column":3}},"loc":{"start":{"line":46,"column":29},"end":{"line":58,"column":3}},"line":46}},"branchMap":{"0":{"loc":{"start":{"line":35,"column":6},"end":{"line":37,"column":7}},"type":"if","locations":[{"start":{"line":35,"column":6},"end":{"line":37,"column":7}},{"start":{},"end":{}}],"line":35}},"s":{"0":0,"1":0,"2":0,"3":0,"4":0,"5":0,"6":0,"7":0,"8":0,"9":0,"10":0,"11":0,"12":0,"13":0,"14":0,"15":0,"16":0,"17":0,"18":0,"19":0,"20":0,"21":0,"22":0,"23":0,"24":5,"25":5,"26":5,"27":5,"28":5},"f":{"0":0,"1":0,"2":0,"3":0},"b":{"0":[0,0]},"inputSourceMap":null,"_coverageSchema":"1a1c01bbd47fc00a2c39e90264f33305004495a9","hash":"6245dec48c894e73a2c26acc2eb0ebf8e60eac59"}
,"/home/lef/Documents/GitHub/NodeTP/API-Rest-auth/src/dto/authToken.dto.js": {"path":"/home/lef/Documents/GitHub/NodeTP/API-Rest-auth/src/dto/authToken.dto.js","statementMap":{"0":{"start":{"line":3,"column":8},"end":{"line":3,"column":29}},"1":{"start":{"line":4,"column":8},"end":{"line":4,"column":27}}},"fnMap":{"0":{"name":"(anonymous_0)","decl":{"start":{"line":2,"column":4},"end":{"line":2,"column":5}},"loc":{"start":{"line":2,"column":33},"end":{"line":5,"column":5}},"line":2}},"branchMap":{},"s":{"0":0,"1":0},"f":{"0":0},"b":{},"inputSourceMap":null}
,"/home/lef/Documents/GitHub/NodeTP/API-Rest-auth/src/dto/register.dto.js": {"path":"/home/lef/Documents/GitHub/NodeTP/API-Rest-auth/src/dto/register.dto.js","statementMap":{"0":{"start":{"line":3,"column":30},"end":{"line":8,"column":2}}},"fnMap":{},"branchMap":{},"s":{"0":1},"f":{},"b":{},"inputSourceMap":null,"_coverageSchema":"1a1c01bbd47fc00a2c39e90264f33305004495a9","hash":"f3aee4ad2da2bdb31f021e044df432aabfba889d"}
,"/home/lef/Documents/GitHub/NodeTP/API-Rest-auth/src/dto/user.dto.js": {"path":"/home/lef/Documents/GitHub/NodeTP/API-Rest-auth/src/dto/user.dto.js","statementMap":{"0":{"start":{"line":3,"column":8},"end":{"line":3,"column":26}},"1":{"start":{"line":4,"column":8},"end":{"line":4,"column":32}},"2":{"start":{"line":5,"column":8},"end":{"line":5,"column":40}},"3":{"start":{"line":6,"column":8},"end":{"line":6,"column":38}},"4":{"start":{"line":7,"column":8},"end":{"line":7,"column":52}},"5":{"start":{"line":8,"column":8},"end":{"line":8,"column":58}},"6":{"start":{"line":9,"column":8},"end":{"line":9,"column":40}},"7":{"start":{"line":10,"column":8},"end":{"line":10,"column":40}}},"fnMap":{"0":{"name":"(anonymous_0)","decl":{"start":{"line":2,"column":4},"end":{"line":2,"column":5}},"loc":{"start":{"line":2,"column":22},"end":{"line":12,"column":5}},"line":2}},"branchMap":{},"s":{"0":0,"1":0,"2":0,"3":0,"4":0,"5":0,"6":0,"7":0},"f":{"0":0},"b":{},"inputSourceMap":null,"_coverageSchema":"1a1c01bbd47fc00a2c39e90264f33305004495a9","hash":"c8d6c7a6c08f1c44edd846a7399740dbae539ebe"}
,"/home/lef/Documents/GitHub/NodeTP/API-Rest-auth/src/jobs/cleanup.job.js": {"path":"/home/lef/Documents/GitHub/NodeTP/API-Rest-auth/src/jobs/cleanup.job.js","statementMap":{"0":{"start":{"line":11,"column":4},"end":{"line":21,"column":7}},"1":{"start":{"line":12,"column":8},"end":{"line":20,"column":9}},"2":{"start":{"line":13,"column":12},"end":{"line":13,"column":51}},"3":{"start":{"line":15,"column":27},"end":{"line":15,"column":45}},"4":{"start":{"line":17,"column":12},"end":{"line":17,"column":70}},"5":{"start":{"line":19,"column":12},"end":{"line":19,"column":58}},"6":{"start":{"line":23,"column":4},"end":{"line":23,"column":42}},"7":{"start":{"line":30,"column":4},"end":{"line":30,"column":45}},"8":{"start":{"line":31,"column":4},"end":{"line":31,"column":30}},"9":{"start":{"line":39,"column":26},"end":{"line":39,"column":71}},"10":{"start":{"line":40,"column":4},"end":{"line":40,"column":74}},"11":{"start":{"line":43,"column":23},"end":{"line":43,"column":70}},"12":{"start":{"line":44,"column":4},"end":{"line":44,"column":70}},"13":{"start":{"line":46,"column":4},"end":{"line":49,"column":6}},"14":{"start":{"line":56,"column":4},"end":{"line":56,"column":49}},"15":{"start":{"line":56,"column":36},"end":{"line":56,"column":47}}},"fnMap":{"0":{"name":"startCleanupJobs","decl":{"start":{"line":9,"column":16},"end":{"line":9,"column":32}},"loc":{"start":{"line":9,"column":35},"end":{"line":24,"column":1}},"line":9},"1":{"name":"(anonymous_1)","decl":{"start":{"line":11,"column":31},"end":{"line":11,"column":32}},"loc":{"start":{"line":11,"column":43},"end":{"line":21,"column":5}},"line":11},"2":{"name":"runCleanupManually","decl":{"start":{"line":29,"column":22},"end":{"line":29,"column":40}},"loc":{"start":{"line":29,"column":43},"end":{"line":32,"column":1}},"line":29},"3":{"name":"runCleanup","decl":{"start":{"line":37,"column":15},"end":{"line":37,"column":25}},"loc":{"start":{"line":37,"column":28},"end":{"line":50,"column":1}},"line":37},"4":{"name":"stopCleanupJobs","decl":{"start":{"line":55,"column":16},"end":{"line":55,"column":31}},"loc":{"start":{"line":55,"column":34},"end":{"line":57,"column":1}},"line":55},"5":{"name":"(anonymous_5)","decl":{"start":{"line":56,"column":28},"end":{"line":56,"column":29}},"loc":{"start":{"line":56,"column":36},"end":{"line":56,"column":47}},"line":56}},"branchMap":{},"s":{"0":0,"1":0,"2":0,"3":0,"4":0,"5":0,"6":0,"7":0,"8":0,"9":0,"10":0,"11":0,"12":0,"13":0,"14":0,"15":0},"f":{"0":0,"1":0,"2":0,"3":0,"4":0,"5":0},"b":{},"inputSourceMap":null,"_coverageSchema":"1a1c01bbd47fc00a2c39e90264f33305004495a9","hash":"91242872b1f0c6ca93b16c78b13057c73052f58b"}
,"/home/lef/Documents/GitHub/NodeTP/API-Rest-auth/src/lib/async-handler.js": {"path":"/home/lef/Documents/GitHub/NodeTP/API-Rest-auth/src/lib/async-handler.js","statementMap":{"0":{"start":{"line":2,"column":4},"end":{"line":4,"column":6}},"1":{"start":{"line":3,"column":6},"end":{"line":3,"column":54}}},"fnMap":{"0":{"name":"asyncHandler","decl":{"start":{"line":1,"column":16},"end":{"line":1,"column":28}},"loc":{"start":{"line":1,"column":33},"end":{"line":5,"column":3}},"line":1},"1":{"name":"(anonymous_1)","decl":{"start":{"line":2,"column":11},"end":{"line":2,"column":12}},"loc":{"start":{"line":2,"column":31},"end":{"line":4,"column":5}},"line":2}},"branchMap":{},"s":{"0":135,"1":52},"f":{"0":135,"1":52},"b":{},"inputSourceMap":null,"_coverageSchema":"1a1c01bbd47fc00a2c39e90264f33305004495a9","hash":"231f60a3a3ba90ca79e713b84747068527ede159"}
,"/home/lef/Documents/GitHub/NodeTP/API-Rest-auth/src/lib/exceptions.js": {"path":"/home/lef/Documents/GitHub/NodeTP/API-Rest-auth/src/lib/exceptions.js","statementMap":{"0":{"start":{"line":3,"column":4},"end":{"line":3,"column":19}},"1":{"start":{"line":4,"column":4},"end":{"line":4,"column":33}},"2":{"start":{"line":5,"column":4},"end":{"line":5,"column":27}},"3":{"start":{"line":6,"column":4},"end":{"line":6,"column":38}},"4":{"start":{"line":12,"column":4},"end":{"line":12,"column":33}},"5":{"start":{"line":18,"column":4},"end":{"line":18,"column":24}},"6":{"start":{"line":24,"column":4},"end":{"line":24,"column":24}},"7":{"start":{"line":30,"column":4},"end":{"line":30,"column":24}},"8":{"start":{"line":36,"column":4},"end":{"line":36,"column":24}},"9":{"start":{"line":42,"column":4},"end":{"line":42,"column":44}}},"fnMap":{"0":{"name":"(anonymous_0)","decl":{"start":{"line":2,"column":2},"end":{"line":2,"column":3}},"loc":{"start":{"line":2,"column":51},"end":{"line":7,"column":3}},"line":2},"1":{"name":"(anonymous_1)","decl":{"start":{"line":11,"column":2},"end":{"line":11,"column":3}},"loc":{"start":{"line":11,"column":55},"end":{"line":13,"column":3}},"line":11},"2":{"name":"(anonymous_2)","decl":{"start":{"line":17,"column":2},"end":{"line":17,"column":3}},"loc":{"start":{"line":17,"column":40},"end":{"line":19,"column":3}},"line":17},"3":{"name":"(anonymous_3)","decl":{"start":{"line":23,"column":2},"end":{"line":23,"column":3}},"loc":{"start":{"line":23,"column":37},"end":{"line":25,"column":3}},"line":23},"4":{"name":"(anonymous_4)","decl":{"start":{"line":29,"column":2},"end":{"line":29,"column":3}},"loc":{"start":{"line":29,"column":37},"end":{"line":31,"column":3}},"line":29},"5":{"name":"(anonymous_5)","decl":{"start":{"line":35,"column":2},"end":{"line":35,"column":3}},"loc":{"start":{"line":35,"column":36},"end":{"line":37,"column":3}},"line":35},"6":{"name":"(anonymous_6)","decl":{"start":{"line":41,"column":2},"end":{"line":41,"column":3}},"loc":{"start":{"line":41,"column":22},"end":{"line":43,"column":3}},"line":41}},"branchMap":{"0":{"loc":{"start":{"line":2,"column":35},"end":{"line":2,"column":49}},"type":"default-arg","locations":[{"start":{"line":2,"column":45},"end":{"line":2,"column":49}}],"line":2},"1":{"loc":{"start":{"line":11,"column":14},"end":{"line":11,"column":37}},"type":"default-arg","locations":[{"start":{"line":11,"column":24},"end":{"line":11,"column":37}}],"line":11},"2":{"loc":{"start":{"line":11,"column":39},"end":{"line":11,"column":53}},"type":"default-arg","locations":[{"start":{"line":11,"column":49},"end":{"line":11,"column":53}}],"line":11},"3":{"loc":{"start":{"line":17,"column":14},"end":{"line":17,"column":38}},"type":"default-arg","locations":[{"start":{"line":17,"column":24},"end":{"line":17,"column":38}}],"line":17},"4":{"loc":{"start":{"line":23,"column":14},"end":{"line":23,"column":35}},"type":"default-arg","locations":[{"start":{"line":23,"column":24},"end":{"line":23,"column":35}}],"line":23},"5":{"loc":{"start":{"line":29,"column":14},"end":{"line":29,"column":35}},"type":"default-arg","locations":[{"start":{"line":29,"column":24},"end":{"line":29,"column":35}}],"line":29},"6":{"loc":{"start":{"line":35,"column":14},"end":{"line":35,"column":34}},"type":"default-arg","locations":[{"start":{"line":35,"column":24},"end":{"line":35,"column":34}}],"line":35}},"s":{"0":2,"1":2,"2":2,"3":2,"4":0,"5":0,"6":0,"7":0,"8":0,"9":2},"f":{"0":2,"1":0,"2":0,"3":0,"4":0,"5":0,"6":2},"b":{"0":[2],"1":[0],"2":[0],"3":[0],"4":[0],"5":[0],"6":[0]},"inputSourceMap":null,"_coverageSchema":"1a1c01bbd47fc00a2c39e90264f33305004495a9","hash":"a811bef052a1018e508a71bbaed41a63762658d1"}
,"/home/lef/Documents/GitHub/NodeTP/API-Rest-auth/src/lib/jwt.js": {"path":"/home/lef/Documents/GitHub/NodeTP/API-Rest-auth/src/lib/jwt.js","statementMap":{"0":{"start":{"line":4,"column":15},"end":{"line":4,"column":63}},"1":{"start":{"line":5,"column":12},"end":{"line":5,"column":19}},"2":{"start":{"line":8,"column":2},"end":{"line":13,"column":18}},"3":{"start":{"line":17,"column":22},"end":{"line":17,"column":52}},"4":{"start":{"line":18,"column":2},"end":{"line":18,"column":17}}},"fnMap":{"0":{"name":"signToken","decl":{"start":{"line":7,"column":22},"end":{"line":7,"column":31}},"loc":{"start":{"line":7,"column":59},"end":{"line":14,"column":1}},"line":7},"1":{"name":"verifyToken","decl":{"start":{"line":16,"column":22},"end":{"line":16,"column":33}},"loc":{"start":{"line":16,"column":41},"end":{"line":19,"column":1}},"line":16}},"branchMap":{"0":{"loc":{"start":{"line":7,"column":41},"end":{"line":7,"column":57}},"type":"default-arg","locations":[{"start":{"line":7,"column":53},"end":{"line":7,"column":57}}],"line":7}},"s":{"0":6,"1":6,"2":0,"3":1,"4":0},"f":{"0":0,"1":1},"b":{"0":[0]},"inputSourceMap":null,"_coverageSchema":"1a1c01bbd47fc00a2c39e90264f33305004495a9","hash":"09389fd3bf8809a7cf39f20bc19c0ac8282411db"}
,"/home/lef/Documents/GitHub/NodeTP/API-Rest-auth/src/lib/logger.js": {"path":"/home/lef/Documents/GitHub/NodeTP/API-Rest-auth/src/lib/logger.js","statementMap":{"0":{"start":{"line":4,"column":21},"end":{"line":4,"column":58}},"1":{"start":{"line":6,"column":22},"end":{"line":14,"column":2}},"2":{"start":{"line":16,"column":26},"end":{"line":16,"column":46}}},"fnMap":{},"branchMap":{"0":{"loc":{"start":{"line":7,"column":9},"end":{"line":7,"column":40}},"type":"cond-expr","locations":[{"start":{"line":7,"column":24},"end":{"line":7,"column":30}},{"start":{"line":7,"column":33},"end":{"line":7,"column":40}}],"line":7},"1":{"loc":{"start":{"line":8,"column":13},"end":{"line":13,"column":7}},"type":"cond-expr","locations":[{"start":{"line":9,"column":6},"end":{"line":9,"column":15}},{"start":{"line":10,"column":6},"end":{"line":13,"column":7}}],"line":8}},"s":{"0":7,"1":7,"2":7},"f":{},"b":{"0":[0,7],"1":[0,7]},"inputSourceMap":null,"_coverageSchema":"1a1c01bbd47fc00a2c39e90264f33305004495a9","hash":"32e7eb698594a0cdb55acbee02c015b14ba755f0"}
,"/home/lef/Documents/GitHub/NodeTP/API-Rest-auth/src/lib/mailer.js": {"path":"/home/lef/Documents/GitHub/NodeTP/API-Rest-auth/src/lib/mailer.js","statementMap":{"0":{"start":{"line":4,"column":2},"end":{"line":10,"column":4}},"1":{"start":{"line":13,"column":20},"end":{"line":23,"column":8}},"2":{"start":{"line":25,"column":22},"end":{"line":167,"column":1}},"3":{"start":{"line":27,"column":4},"end":{"line":30,"column":5}},"4":{"start":{"line":28,"column":6},"end":{"line":28,"column":93}},"5":{"start":{"line":29,"column":6},"end":{"line":29,"column":13}},"6":{"start":{"line":32,"column":4},"end":{"line":38,"column":7}},"7":{"start":{"line":42,"column":18},"end":{"line":42,"column":66}},"8":{"start":{"line":43,"column":22},"end":{"line":43,"column":60}},"9":{"start":{"line":45,"column":17},"end":{"line":58,"column":5}},"10":{"start":{"line":60,"column":4},"end":{"line":64,"column":7}},"11":{"start":{"line":68,"column":18},"end":{"line":68,"column":66}},"12":{"start":{"line":69,"column":21},"end":{"line":69,"column":61}},"13":{"start":{"line":71,"column":17},"end":{"line":86,"column":5}},"14":{"start":{"line":88,"column":4},"end":{"line":92,"column":7}},"15":{"start":{"line":96,"column":17},"end":{"line":107,"column":5}},"16":{"start":{"line":109,"column":4},"end":{"line":113,"column":7}},"17":{"start":{"line":117,"column":85},"end":{"line":117,"column":95}},"18":{"start":{"line":119,"column":17},"end":{"line":137,"column":5}},"19":{"start":{"line":139,"column":4},"end":{"line":143,"column":7}},"20":{"start":{"line":147,"column":17},"end":{"line":159,"column":5}},"21":{"start":{"line":161,"column":4},"end":{"line":165,"column":7}}},"fnMap":{"0":{"name":"hasSMTP","decl":{"start":{"line":3,"column":9},"end":{"line":3,"column":16}},"loc":{"start":{"line":3,"column":19},"end":{"line":11,"column":1}},"line":3},"1":{"name":"(anonymous_1)","decl":{"start":{"line":26,"column":2},"end":{"line":26,"column":3}},"loc":{"start":{"line":26,"column":46},"end":{"line":39,"column":3}},"line":26},"2":{"name":"(anonymous_2)","decl":{"start":{"line":41,"column":2},"end":{"line":41,"column":3}},"loc":{"start":{"line":41,"column":39},"end":{"line":65,"column":3}},"line":41},"3":{"name":"(anonymous_3)","decl":{"start":{"line":67,"column":2},"end":{"line":67,"column":3}},"loc":{"start":{"line":67,"column":40},"end":{"line":93,"column":3}},"line":67},"4":{"name":"(anonymous_4)","decl":{"start":{"line":95,"column":2},"end":{"line":95,"column":3}},"loc":{"start":{"line":95,"column":50},"end":{"line":114,"column":3}},"line":95},"5":{"name":"(anonymous_5)","decl":{"start":{"line":116,"column":2},"end":{"line":116,"column":3}},"loc":{"start":{"line":116,"column":69},"end":{"line":144,"column":3}},"line":116},"6":{"name":"(anonymous_6)","decl":{"start":{"line":146,"column":2},"end":{"line":146,"column":3}},"loc":{"start":{"line":146,"column":60},"end":{"line":166,"column":3}},"line":146}},"branchMap":{"0":{"loc":{"start":{"line":5,"column":4},"end":{"line":9,"column":25}},"type":"binary-expr","locations":[{"start":{"line":5,"column":4},"end":{"line":5,"column":25}},{"start":{"line":6,"column":4},"end":{"line":6,"column":25}},{"start":{"line":7,"column":4},"end":{"line":7,"column":25}},{"start":{"line":8,"column":4},"end":{"line":8,"column":25}},{"start":{"line":9,"column":4},"end":{"line":9,"column":25}}],"line":5},"1":{"loc":{"start":{"line":13,"column":20},"end":{"line":23,"column":8}},"type":"cond-expr","locations":[{"start":{"line":14,"column":4},"end":{"line":22,"column":6}},{"start":{"line":23,"column":4},"end":{"line":23,"column":8}}],"line":13},"2":{"loc":{"start":{"line":27,"column":4},"end":{"line":30,"column":5}},"type":"if","locations":[{"start":{"line":27,"column":4},"end":{"line":30,"column":5}},{"start":{},"end":{}}],"line":27},"3":{"loc":{"start":{"line":28,"column":75},"end":{"line":28,"column":87}},"type":"binary-expr","locations":[{"start":{"line":28,"column":75},"end":{"line":28,"column":79}},{"start":{"line":28,"column":83},"end":{"line":28,"column":87}}],"line":28},"4":{"loc":{"start":{"line":37,"column":12},"end":{"line":37,"column":24}},"type":"binary-expr","locations":[{"start":{"line":37,"column":12},"end":{"line":37,"column":16}},{"start":{"line":37,"column":20},"end":{"line":37,"column":24}}],"line":37},"5":{"loc":{"start":{"line":42,"column":18},"end":{"line":42,"column":66}},"type":"binary-expr","locations":[{"start":{"line":42,"column":18},"end":{"line":42,"column":39}},{"start":{"line":42,"column":43},"end":{"line":42,"column":66}}],"line":42},"6":{"loc":{"start":{"line":68,"column":18},"end":{"line":68,"column":66}},"type":"binary-expr","locations":[{"start":{"line":68,"column":18},"end":{"line":68,"column":39}},{"start":{"line":68,"column":43},"end":{"line":68,"column":66}}],"line":68},"7":{"loc":{"start":{"line":95,"column":35},"end":{"line":95,"column":48}},"type":"default-arg","locations":[{"start":{"line":95,"column":46},"end":{"line":95,"column":48}}],"line":95},"8":{"loc":{"start":{"line":116,"column":37},"end":{"line":116,"column":50}},"type":"default-arg","locations":[{"start":{"line":116,"column":48},"end":{"line":116,"column":50}}],"line":116},"9":{"loc":{"start":{"line":116,"column":52},"end":{"line":116,"column":67}},"type":"default-arg","locations":[{"start":{"line":116,"column":65},"end":{"line":116,"column":67}}],"line":116},"10":{"loc":{"start":{"line":117,"column":12},"end":{"line":117,"column":33}},"type":"default-arg","locations":[{"start":{"line":117,"column":24},"end":{"line":117,"column":33}}],"line":117},"11":{"loc":{"start":{"line":117,"column":35},"end":{"line":117,"column":57}},"type":"default-arg","locations":[{"start":{"line":117,"column":47},"end":{"line":117,"column":57}}],"line":117},"12":{"loc":{"start":{"line":117,"column":59},"end":{"line":117,"column":80}},"type":"default-arg","locations":[{"start":{"line":117,"column":70},"end":{"line":117,"column":80}}],"line":117},"13":{"loc":{"start":{"line":146,"column":34},"end":{"line":146,"column":47}},"type":"default-arg","locations":[{"start":{"line":146,"column":45},"end":{"line":146,"column":47}}],"line":146},"14":{"loc":{"start":{"line":146,"column":49},"end":{"line":146,"column":58}},"type":"default-arg","locations":[{"start":{"line":146,"column":57},"end":{"line":146,"column":58}}],"line":146}},"s":{"0":5,"1":5,"2":5,"3":0,"4":0,"5":0,"6":0,"7":0,"8":0,"9":0,"10":0,"11":0,"12":0,"13":0,"14":0,"15":0,"16":0,"17":0,"18":0,"19":0,"20":0,"21":0},"f":{"0":5,"1":0,"2":0,"3":0,"4":0,"5":0,"6":0},"b":{"0":[5,0,0,0,0],"1":[0,5],"2":[0,0],"3":[0,0],"4":[0,0],"5":[0,0],"6":[0,0],"7":[0],"8":[0],"9":[0],"10":[0],"11":[0],"12":[0],"13":[0],"14":[0]},"inputSourceMap":null,"_coverageSchema":"1a1c01bbd47fc00a2c39e90264f33305004495a9","hash":"f39db1ed9a122b0b45adbc71487e4b6b424a19da"}
,"/home/lef/Documents/GitHub/NodeTP/API-Rest-auth/src/lib/password.js": {"path":"/home/lef/Documents/GitHub/NodeTP/API-Rest-auth/src/lib/password.js","statementMap":{"0":{"start":{"line":5,"column":2},"end":{"line":5,"column":31}},"1":{"start":{"line":9,"column":2},"end":{"line":9,"column":39}}},"fnMap":{"0":{"name":"hashPassword","decl":{"start":{"line":4,"column":22},"end":{"line":4,"column":34}},"loc":{"start":{"line":4,"column":45},"end":{"line":6,"column":1}},"line":4},"1":{"name":"verifyPassword","decl":{"start":{"line":8,"column":22},"end":{"line":8,"column":36}},"loc":{"start":{"line":8,"column":53},"end":{"line":10,"column":1}},"line":8}},"branchMap":{},"s":{"0":0,"1":0},"f":{"0":0,"1":0},"b":{},"inputSourceMap":null,"_coverageSchema":"1a1c01bbd47fc00a2c39e90264f33305004495a9","hash":"7782427f7b1a393434dc002f54e65a8ccd2d6490"}
,"/home/lef/Documents/GitHub/NodeTP/API-Rest-auth/src/lib/prisma.js": {"path":"/home/lef/Documents/GitHub/NodeTP/API-Rest-auth/src/lib/prisma.js","statementMap":{"0":{"start":{"line":7,"column":0},"end":{"line":7,"column":16}},"1":{"start":{"line":10,"column":0},"end":{"line":15,"column":1}},"2":{"start":{"line":11,"column":17},"end":{"line":13,"column":50}},"3":{"start":{"line":14,"column":2},"end":{"line":14,"column":46}},"4":{"start":{"line":17,"column":21},"end":{"line":17,"column":25}},"5":{"start":{"line":20,"column":22},"end":{"line":37,"column":2}},"6":{"start":{"line":22,"column":4},"end":{"line":34,"column":5}},"7":{"start":{"line":24,"column":20},"end":{"line":26,"column":34}},"8":{"start":{"line":28,"column":22},"end":{"line":30,"column":8}},"9":{"start":{"line":33,"column":6},"end":{"line":33,"column":53}},"10":{"start":{"line":35,"column":4},"end":{"line":35,"column":32}}},"fnMap":{"0":{"name":"(anonymous_0)","decl":{"start":{"line":21,"column":2},"end":{"line":21,"column":3}},"loc":{"start":{"line":21,"column":20},"end":{"line":36,"column":3}},"line":21}},"branchMap":{"0":{"loc":{"start":{"line":10,"column":0},"end":{"line":15,"column":1}},"type":"if","locations":[{"start":{"line":10,"column":0},"end":{"line":15,"column":1}},{"start":{},"end":{}}],"line":10},"1":{"loc":{"start":{"line":11,"column":17},"end":{"line":13,"column":50}},"type":"cond-expr","locations":[{"start":{"line":12,"column":6},"end":{"line":12,"column":44}},{"start":{"line":13,"column":6},"end":{"line":13,"column":50}}],"line":11},"2":{"loc":{"start":{"line":22,"column":4},"end":{"line":34,"column":5}},"type":"if","locations":[{"start":{"line":22,"column":4},"end":{"line":34,"column":5}},{"start":{},"end":{}}],"line":22},"3":{"loc":{"start":{"line":24,"column":20},"end":{"line":26,"column":34}},"type":"cond-expr","locations":[{"start":{"line":25,"column":10},"end":{"line":25,"column":26}},{"start":{"line":26,"column":10},"end":{"line":26,"column":34}}],"line":24}},"s":{"0":7,"1":7,"2":0,"3":0,"4":7,"5":7,"6":80,"7":6,"8":6,"9":6,"10":80},"f":{"0":80},"b":{"0":[0,7],"1":[0,0],"2":[6,74],"3":[6,0]},"inputSourceMap":null,"_coverageSchema":"1a1c01bbd47fc00a2c39e90264f33305004495a9","hash":"de5830dbede5348dd0dd850a8073082e14da1e64"}
,"/home/lef/Documents/GitHub/NodeTP/API-Rest-auth/src/lib/validate.js": {"path":"/home/lef/Documents/GitHub/NodeTP/API-Rest-auth/src/lib/validate.js","statementMap":{"0":{"start":{"line":3,"column":24},"end":{"line":14,"column":1}},"1":{"start":{"line":3,"column":36},"end":{"line":14,"column":1}},"2":{"start":{"line":4,"column":17},"end":{"line":4,"column":43}},"3":{"start":{"line":6,"column":2},"end":{"line":10,"column":3}},"4":{"start":{"line":7,"column":4},"end":{"line":9,"column":7}},"5":{"start":{"line":12,"column":2},"end":{"line":12,"column":34}},"6":{"start":{"line":13,"column":2},"end":{"line":13,"column":9}},"7":{"start":{"line":16,"column":28},"end":{"line":26,"column":1}},"8":{"start":{"line":17,"column":17},"end":{"line":17,"column":39}},"9":{"start":{"line":19,"column":2},"end":{"line":23,"column":3}},"10":{"start":{"line":20,"column":18},"end":{"line":20,"column":62}},"11":{"start":{"line":21,"column":4},"end":{"line":21,"column":27}},"12":{"start":{"line":22,"column":4},"end":{"line":22,"column":16}},"13":{"start":{"line":25,"column":2},"end":{"line":25,"column":21}}},"fnMap":{"0":{"name":"(anonymous_0)","decl":{"start":{"line":3,"column":24},"end":{"line":3,"column":25}},"loc":{"start":{"line":3,"column":36},"end":{"line":14,"column":1}},"line":3},"1":{"name":"(anonymous_1)","decl":{"start":{"line":3,"column":36},"end":{"line":3,"column":37}},"loc":{"start":{"line":3,"column":56},"end":{"line":14,"column":1}},"line":3},"2":{"name":"(anonymous_2)","decl":{"start":{"line":16,"column":28},"end":{"line":16,"column":29}},"loc":{"start":{"line":16,"column":46},"end":{"line":26,"column":1}},"line":16}},"branchMap":{"0":{"loc":{"start":{"line":6,"column":2},"end":{"line":10,"column":3}},"type":"if","locations":[{"start":{"line":6,"column":2},"end":{"line":10,"column":3}},{"start":{},"end":{}}],"line":6},"1":{"loc":{"start":{"line":19,"column":2},"end":{"line":23,"column":3}},"type":"if","locations":[{"start":{"line":19,"column":2},"end":{"line":23,"column":3}},{"start":{},"end":{}}],"line":19}},"s":{"0":5,"1":0,"2":0,"3":0,"4":0,"5":0,"6":0,"7":5,"8":52,"9":52,"10":2,"11":2,"12":2,"13":50},"f":{"0":0,"1":0,"2":52},"b":{"0":[0,0],"1":[2,50]},"inputSourceMap":null,"_coverageSchema":"1a1c01bbd47fc00a2c39e90264f33305004495a9","hash":"7a07d41ea8c8a074410f09765b8e73c743ce6fdd"}
,"/home/lef/Documents/GitHub/NodeTP/API-Rest-auth/src/middlewares/auth.middleware.js": {"path":"/home/lef/Documents/GitHub/NodeTP/API-Rest-auth/src/middlewares/auth.middleware.js","statementMap":{"0":{"start":{"line":6,"column":21},"end":{"line":6,"column":46}},"1":{"start":{"line":7,"column":2},"end":{"line":7,"column":90}},"2":{"start":{"line":7,"column":19},"end":{"line":7,"column":90}},"3":{"start":{"line":9,"column":26},"end":{"line":9,"column":47}},"4":{"start":{"line":10,"column":2},"end":{"line":10,"column":110}},"5":{"start":{"line":10,"column":37},"end":{"line":10,"column":110}},"6":{"start":{"line":12,"column":2},"end":{"line":41,"column":3}},"7":{"start":{"line":14,"column":26},"end":{"line":14,"column":69}},"8":{"start":{"line":15,"column":4},"end":{"line":17,"column":5}},"9":{"start":{"line":16,"column":6},"end":{"line":16,"column":71}},"10":{"start":{"line":19,"column":20},"end":{"line":19,"column":44}},"11":{"start":{"line":21,"column":17},"end":{"line":23,"column":6}},"12":{"start":{"line":25,"column":4},"end":{"line":27,"column":5}},"13":{"start":{"line":26,"column":6},"end":{"line":26,"column":70}},"14":{"start":{"line":30,"column":4},"end":{"line":32,"column":5}},"15":{"start":{"line":31,"column":6},"end":{"line":31,"column":68}},"16":{"start":{"line":35,"column":49},"end":{"line":35,"column":53}},"17":{"start":{"line":36,"column":4},"end":{"line":36,"column":35}},"18":{"start":{"line":37,"column":4},"end":{"line":37,"column":22}},"19":{"start":{"line":38,"column":4},"end":{"line":38,"column":11}},"20":{"start":{"line":40,"column":4},"end":{"line":40,"column":71}}},"fnMap":{"0":{"name":"authMiddleware","decl":{"start":{"line":5,"column":22},"end":{"line":5,"column":36}},"loc":{"start":{"line":5,"column":53},"end":{"line":42,"column":1}},"line":5}},"branchMap":{"0":{"loc":{"start":{"line":7,"column":2},"end":{"line":7,"column":90}},"type":"if","locations":[{"start":{"line":7,"column":2},"end":{"line":7,"column":90}},{"start":{},"end":{}}],"line":7},"1":{"loc":{"start":{"line":10,"column":2},"end":{"line":10,"column":110}},"type":"if","locations":[{"start":{"line":10,"column":2},"end":{"line":10,"column":110}},{"start":{},"end":{}}],"line":10},"2":{"loc":{"start":{"line":10,"column":6},"end":{"line":10,"column":35}},"type":"binary-expr","locations":[{"start":{"line":10,"column":6},"end":{"line":10,"column":25}},{"start":{"line":10,"column":29},"end":{"line":10,"column":35}}],"line":10},"3":{"loc":{"start":{"line":15,"column":4},"end":{"line":17,"column":5}},"type":"if","locations":[{"start":{"line":15,"column":4},"end":{"line":17,"column":5}},{"start":{},"end":{}}],"line":15},"4":{"loc":{"start":{"line":25,"column":4},"end":{"line":27,"column":5}},"type":"if","locations":[{"start":{"line":25,"column":4},"end":{"line":27,"column":5}},{"start":{},"end":{}}],"line":25},"5":{"loc":{"start":{"line":30,"column":4},"end":{"line":32,"column":5}},"type":"if","locations":[{"start":{"line":30,"column":4},"end":{"line":32,"column":5}},{"start":{},"end":{}}],"line":30}},"s":{"0":15,"1":15,"2":5,"3":10,"4":10,"5":1,"6":9,"7":9,"8":0,"9":0,"10":0,"11":0,"12":0,"13":0,"14":0,"15":0,"16":0,"17":0,"18":0,"19":0,"20":9},"f":{"0":15},"b":{"0":[5,10],"1":[1,9],"2":[10,9],"3":[0,0],"4":[0,0],"5":[0,0]},"inputSourceMap":null,"_coverageSchema":"1a1c01bbd47fc00a2c39e90264f33305004495a9","hash":"6caa376bcd2b8bda180e0666415fc05062a809d8"}
,"/home/lef/Documents/GitHub/NodeTP/API-Rest-auth/src/middlewares/error-handler.js": {"path":"/home/lef/Documents/GitHub/NodeTP/API-Rest-auth/src/middlewares/error-handler.js","statementMap":{"0":{"start":{"line":6,"column":2},"end":{"line":11,"column":23}},"1":{"start":{"line":13,"column":2},"end":{"line":19,"column":3}},"2":{"start":{"line":14,"column":4},"end":{"line":18,"column":7}},"3":{"start":{"line":21,"column":2},"end":{"line":26,"column":3}},"4":{"start":{"line":22,"column":4},"end":{"line":25,"column":7}},"5":{"start":{"line":28,"column":2},"end":{"line":33,"column":3}},"6":{"start":{"line":29,"column":4},"end":{"line":32,"column":7}},"7":{"start":{"line":35,"column":2},"end":{"line":40,"column":3}},"8":{"start":{"line":36,"column":4},"end":{"line":39,"column":7}},"9":{"start":{"line":42,"column":23},"end":{"line":42,"column":60}},"10":{"start":{"line":44,"column":2},"end":{"line":48,"column":5}}},"fnMap":{"0":{"name":"errorHandler","decl":{"start":{"line":4,"column":16},"end":{"line":4,"column":28}},"loc":{"start":{"line":4,"column":50},"end":{"line":49,"column":1}},"line":4}},"branchMap":{"0":{"loc":{"start":{"line":13,"column":2},"end":{"line":19,"column":3}},"type":"if","locations":[{"start":{"line":13,"column":2},"end":{"line":19,"column":3}},{"start":{},"end":{}}],"line":13},"1":{"loc":{"start":{"line":17,"column":10},"end":{"line":17,"column":49}},"type":"binary-expr","locations":[{"start":{"line":17,"column":10},"end":{"line":17,"column":21}},{"start":{"line":17,"column":25},"end":{"line":17,"column":49}}],"line":17},"2":{"loc":{"start":{"line":21,"column":2},"end":{"line":26,"column":3}},"type":"if","locations":[{"start":{"line":21,"column":2},"end":{"line":26,"column":3}},{"start":{},"end":{}}],"line":21},"3":{"loc":{"start":{"line":28,"column":2},"end":{"line":33,"column":3}},"type":"if","locations":[{"start":{"line":28,"column":2},"end":{"line":33,"column":3}},{"start":{},"end":{}}],"line":28},"4":{"loc":{"start":{"line":35,"column":2},"end":{"line":40,"column":3}},"type":"if","locations":[{"start":{"line":35,"column":2},"end":{"line":40,"column":3}},{"start":{},"end":{}}],"line":35},"5":{"loc":{"start":{"line":35,"column":6},"end":{"line":35,"column":54}},"type":"binary-expr","locations":[{"start":{"line":35,"column":6},"end":{"line":35,"column":32}},{"start":{"line":35,"column":36},"end":{"line":35,"column":54}}],"line":35},"6":{"loc":{"start":{"line":46,"column":11},"end":{"line":46,"column":63}},"type":"cond-expr","locations":[{"start":{"line":46,"column":26},"end":{"line":46,"column":49}},{"start":{"line":46,"column":52},"end":{"line":46,"column":63}}],"line":46},"7":{"loc":{"start":{"line":47,"column":8},"end":{"line":47,"column":45}},"type":"binary-expr","locations":[{"start":{"line":47,"column":8},"end":{"line":47,"column":21}},{"start":{"line":47,"column":25},"end":{"line":47,"column":45}}],"line":47}},"s":{"0":53,"1":53,"2":2,"3":51,"4":0,"5":51,"6":0,"7":51,"8":0,"9":51,"10":51},"f":{"0":53},"b":{"0":[2,51],"1":[2,0],"2":[0,51],"3":[0,51],"4":[0,51],"5":[51,0],"6":[0,51],"7":[51,51]},"inputSourceMap":null,"_coverageSchema":"1a1c01bbd47fc00a2c39e90264f33305004495a9","hash":"aa841aa185f9425f0101b7633cd0d994d4caf252"}
,"/home/lef/Documents/GitHub/NodeTP/API-Rest-auth/src/middlewares/not-found.js": {"path":"/home/lef/Documents/GitHub/NodeTP/API-Rest-auth/src/middlewares/not-found.js","statementMap":{"0":{"start":{"line":4,"column":2},"end":{"line":4,"column":75}}},"fnMap":{"0":{"name":"notFoundHandler","decl":{"start":{"line":3,"column":16},"end":{"line":3,"column":31}},"loc":{"start":{"line":3,"column":48},"end":{"line":5,"column":1}},"line":3}},"branchMap":{},"s":{"0":0},"f":{"0":0},"b":{},"inputSourceMap":null,"_coverageSchema":"1a1c01bbd47fc00a2c39e90264f33305004495a9","hash":"780fc610651a40c7506a0daa4c030a9da9c3befa"}
,"/home/lef/Documents/GitHub/NodeTP/API-Rest-auth/src/middlewares/rate-limit.middleware.js": {"path":"/home/lef/Documents/GitHub/NodeTP/API-Rest-auth/src/middlewares/rate-limit.middleware.js","statementMap":{"0":{"start":{"line":5,"column":15},"end":{"line":5,"column":46}},"1":{"start":{"line":11,"column":30},"end":{"line":27,"column":2}},"2":{"start":{"line":21,"column":4},"end":{"line":21,"column":71}},"3":{"start":{"line":22,"column":4},"end":{"line":25,"column":7}},"4":{"start":{"line":33,"column":27},"end":{"line":54,"column":2}},"5":{"start":{"line":44,"column":4},"end":{"line":48,"column":45}},"6":{"start":{"line":49,"column":4},"end":{"line":52,"column":7}},"7":{"start":{"line":60,"column":31},"end":{"line":79,"column":2}},"8":{"start":{"line":70,"column":4},"end":{"line":73,"column":43}},"9":{"start":{"line":74,"column":4},"end":{"line":77,"column":7}},"10":{"start":{"line":85,"column":32},"end":{"line":105,"column":2}},"11":{"start":{"line":95,"column":4},"end":{"line":99,"column":47}},"12":{"start":{"line":100,"column":4},"end":{"line":103,"column":7}}},"fnMap":{"0":{"name":"(anonymous_0)","decl":{"start":{"line":20,"column":11},"end":{"line":20,"column":12}},"loc":{"start":{"line":20,"column":25},"end":{"line":26,"column":3}},"line":20},"1":{"name":"(anonymous_1)","decl":{"start":{"line":43,"column":11},"end":{"line":43,"column":12}},"loc":{"start":{"line":43,"column":25},"end":{"line":53,"column":3}},"line":43},"2":{"name":"(anonymous_2)","decl":{"start":{"line":69,"column":11},"end":{"line":69,"column":12}},"loc":{"start":{"line":69,"column":25},"end":{"line":78,"column":3}},"line":69},"3":{"name":"(anonymous_3)","decl":{"start":{"line":94,"column":11},"end":{"line":94,"column":12}},"loc":{"start":{"line":94,"column":25},"end":{"line":104,"column":3}},"line":94}},"branchMap":{"0":{"loc":{"start":{"line":13,"column":7},"end":{"line":13,"column":26}},"type":"cond-expr","locations":[{"start":{"line":13,"column":16},"end":{"line":13,"column":20}},{"start":{"line":13,"column":23},"end":{"line":13,"column":26}}],"line":13},"1":{"loc":{"start":{"line":35,"column":7},"end":{"line":35,"column":22}},"type":"cond-expr","locations":[{"start":{"line":35,"column":16},"end":{"line":35,"column":18}},{"start":{"line":35,"column":21},"end":{"line":35,"column":22}}],"line":35},"2":{"loc":{"start":{"line":62,"column":7},"end":{"line":62,"column":22}},"type":"cond-expr","locations":[{"start":{"line":62,"column":16},"end":{"line":62,"column":18}},{"start":{"line":62,"column":21},"end":{"line":62,"column":22}}],"line":62},"3":{"loc":{"start":{"line":87,"column":7},"end":{"line":87,"column":25}},"type":"cond-expr","locations":[{"start":{"line":87,"column":16},"end":{"line":87,"column":20}},{"start":{"line":87,"column":23},"end":{"line":87,"column":25}}],"line":87}},"s":{"0":5,"1":5,"2":0,"3":0,"4":5,"5":4,"6":4,"7":5,"8":2,"9":2,"10":5,"11":0,"12":0},"f":{"0":0,"1":4,"2":2,"3":0},"b":{"0":[5,0],"1":[5,0],"2":[5,0],"3":[5,0]},"inputSourceMap":null,"_coverageSchema":"1a1c01bbd47fc00a2c39e90264f33305004495a9","hash":"f314328fd393532c0c8aee607e1d8444b8cfbfa1"}
,"/home/lef/Documents/GitHub/NodeTP/API-Rest-auth/src/middlewares/registerValidation.middleware.js": {"path":"/home/lef/Documents/GitHub/NodeTP/API-Rest-auth/src/middlewares/registerValidation.middleware.js","statementMap":{"0":{"start":{"line":1,"column":34},"end":{"line":10,"column":3}},"1":{"start":{"line":1,"column":46},"end":{"line":10,"column":3}},"2":{"start":{"line":2,"column":17},"end":{"line":2,"column":43}},"3":{"start":{"line":3,"column":4},"end":{"line":7,"column":5}},"4":{"start":{"line":4,"column":6},"end":{"line":6,"column":9}},"5":{"start":{"line":8,"column":4},"end":{"line":8,"column":27}},"6":{"start":{"line":9,"column":4},"end":{"line":9,"column":11}}},"fnMap":{"0":{"name":"(anonymous_0)","decl":{"start":{"line":1,"column":34},"end":{"line":1,"column":35}},"loc":{"start":{"line":1,"column":46},"end":{"line":10,"column":3}},"line":1},"1":{"name":"(anonymous_1)","decl":{"start":{"line":1,"column":46},"end":{"line":1,"column":47}},"loc":{"start":{"line":1,"column":66},"end":{"line":10,"column":3}},"line":1}},"branchMap":{"0":{"loc":{"start":{"line":3,"column":4},"end":{"line":7,"column":5}},"type":"if","locations":[{"start":{"line":3,"column":4},"end":{"line":7,"column":5}},{"start":{},"end":{}}],"line":3}},"s":{"0":1,"1":1,"2":3,"3":3,"4":2,"5":1,"6":1},"f":{"0":1,"1":3},"b":{"0":[2,1]},"inputSourceMap":null,"_coverageSchema":"1a1c01bbd47fc00a2c39e90264f33305004495a9","hash":"eea153186fa6d9e2cd04b6cbf99336b82e550a4f"}
,"/home/lef/Documents/GitHub/NodeTP/API-Rest-auth/src/routes/admin.routes.js": {"path":"/home/lef/Documents/GitHub/NodeTP/API-Rest-auth/src/routes/admin.routes.js","statementMap":{"0":{"start":{"line":5,"column":15},"end":{"line":5,"column":23}},"1":{"start":{"line":10,"column":0},"end":{"line":10,"column":82}},"2":{"start":{"line":11,"column":0},"end":{"line":11,"column":68}},"3":{"start":{"line":12,"column":0},"end":{"line":12,"column":94}}},"fnMap":{},"branchMap":{},"s":{"0":5,"1":5,"2":5,"3":5},"f":{},"b":{},"inputSourceMap":null,"_coverageSchema":"1a1c01bbd47fc00a2c39e90264f33305004495a9","hash":"f993dd906d4264f2fdd6a39be2a25ee260141910"}
,"/home/lef/Documents/GitHub/NodeTP/API-Rest-auth/src/routes/auth.routes.js": {"path":"/home/lef/Documents/GitHub/NodeTP/API-Rest-auth/src/routes/auth.routes.js","statementMap":{"0":{"start":{"line":6,"column":15},"end":{"line":6,"column":23}},"1":{"start":{"line":23,"column":0},"end":{"line":23,"column":80}},"2":{"start":{"line":45,"column":0},"end":{"line":45,"column":77}},"3":{"start":{"line":73,"column":0},"end":{"line":73,"column":76}},"4":{"start":{"line":106,"column":0},"end":{"line":106,"column":74}},"5":{"start":{"line":123,"column":0},"end":{"line":123,"column":84}}},"fnMap":{},"branchMap":{},"s":{"0":5,"1":5,"2":5,"3":5,"4":5,"5":5},"f":{},"b":{},"inputSourceMap":null,"_coverageSchema":"1a1c01bbd47fc00a2c39e90264f33305004495a9","hash":"538d2e4fbfac227816137d93e182db21aa2c0d4b"}
,"/home/lef/Documents/GitHub/NodeTP/API-Rest-auth/src/routes/oauth.routes.js": {"path":"/home/lef/Documents/GitHub/NodeTP/API-Rest-auth/src/routes/oauth.routes.js","statementMap":{"0":{"start":{"line":5,"column":15},"end":{"line":5,"column":31}},"1":{"start":{"line":7,"column":0},"end":{"line":7,"column":50}},"2":{"start":{"line":8,"column":0},"end":{"line":8,"column":63}},"3":{"start":{"line":9,"column":0},"end":{"line":9,"column":83}},"4":{"start":{"line":10,"column":0},"end":{"line":10,"column":73}}},"fnMap":{},"branchMap":{},"s":{"0":5,"1":5,"2":5,"3":5,"4":5},"f":{},"b":{},"inputSourceMap":null,"_coverageSchema":"1a1c01bbd47fc00a2c39e90264f33305004495a9","hash":"601ccd9484b6a810dbd38589d98876b57e83953a"}
,"/home/lef/Documents/GitHub/NodeTP/API-Rest-auth/src/routes/password.routes.js": {"path":"/home/lef/Documents/GitHub/NodeTP/API-Rest-auth/src/routes/password.routes.js","statementMap":{"0":{"start":{"line":6,"column":15},"end":{"line":6,"column":23}},"1":{"start":{"line":9,"column":0},"end":{"line":9,"column":89}}},"fnMap":{},"branchMap":{},"s":{"0":5,"1":5},"f":{},"b":{},"inputSourceMap":null,"_coverageSchema":"1a1c01bbd47fc00a2c39e90264f33305004495a9","hash":"b48d8fa5f0a2e4f47718c4c4564fde191fa9f2f9"}
,"/home/lef/Documents/GitHub/NodeTP/API-Rest-auth/src/routes/token.routes.js": {"path":"/home/lef/Documents/GitHub/NodeTP/API-Rest-auth/src/routes/token.routes.js","statementMap":{"0":{"start":{"line":6,"column":15},"end":{"line":6,"column":23}},"1":{"start":{"line":53,"column":0},"end":{"line":83,"column":4}},"2":{"start":{"line":54,"column":27},"end":{"line":54,"column":35}},"3":{"start":{"line":56,"column":2},"end":{"line":61,"column":3}},"4":{"start":{"line":57,"column":4},"end":{"line":60,"column":7}},"5":{"start":{"line":63,"column":23},"end":{"line":63,"column":67}},"6":{"start":{"line":65,"column":2},"end":{"line":70,"column":3}},"7":{"start":{"line":66,"column":4},"end":{"line":69,"column":7}},"8":{"start":{"line":74,"column":2},"end":{"line":82,"column":5}},"9":{"start":{"line":113,"column":0},"end":{"line":121,"column":4}},"10":{"start":{"line":114,"column":19},"end":{"line":114,"column":66}},"11":{"start":{"line":116,"column":2},"end":{"line":120,"column":5}},"12":{"start":{"line":147,"column":0},"end":{"line":163,"column":4}},"13":{"start":{"line":148,"column":17},"end":{"line":148,"column":27}},"14":{"start":{"line":150,"column":17},"end":{"line":150,"column":51}},"15":{"start":{"line":152,"column":2},"end":{"line":157,"column":3}},"16":{"start":{"line":153,"column":4},"end":{"line":156,"column":7}},"17":{"start":{"line":159,"column":2},"end":{"line":162,"column":5}},"18":{"start":{"line":191,"column":0},"end":{"line":201,"column":4}},"19":{"start":{"line":192,"column":25},"end":{"line":192,"column":50}},"20":{"start":{"line":194,"column":17},"end":{"line":194,"column":84}},"21":{"start":{"line":196,"column":2},"end":{"line":200,"column":5}}},"fnMap":{"0":{"name":"(anonymous_0)","decl":{"start":{"line":53,"column":37},"end":{"line":53,"column":38}},"loc":{"start":{"line":53,"column":57},"end":{"line":83,"column":1}},"line":53},"1":{"name":"(anonymous_1)","decl":{"start":{"line":113,"column":53},"end":{"line":113,"column":54}},"loc":{"start":{"line":113,"column":73},"end":{"line":121,"column":1}},"line":113},"2":{"name":"(anonymous_2)","decl":{"start":{"line":147,"column":60},"end":{"line":147,"column":61}},"loc":{"start":{"line":147,"column":80},"end":{"line":163,"column":1}},"line":147},"3":{"name":"(anonymous_3)","decl":{"start":{"line":191,"column":63},"end":{"line":191,"column":64}},"loc":{"start":{"line":191,"column":83},"end":{"line":201,"column":1}},"line":191}},"branchMap":{"0":{"loc":{"start":{"line":56,"column":2},"end":{"line":61,"column":3}},"type":"if","locations":[{"start":{"line":56,"column":2},"end":{"line":61,"column":3}},{"start":{},"end":{}}],"line":56},"1":{"loc":{"start":{"line":65,"column":2},"end":{"line":70,"column":3}},"type":"if","locations":[{"start":{"line":65,"column":2},"end":{"line":70,"column":3}},{"start":{},"end":{}}],"line":65},"2":{"loc":{"start":{"line":152,"column":2},"end":{"line":157,"column":3}},"type":"if","locations":[{"start":{"line":152,"column":2},"end":{"line":157,"column":3}},{"start":{},"end":{}}],"line":152}},"s":{"0":5,"1":5,"2":0,"3":0,"4":0,"5":0,"6":0,"7":0,"8":0,"9":5,"10":0,"11":0,"12":5,"13":0,"14":0,"15":0,"16":0,"17":0,"18":5,"19":0,"20":0,"21":0},"f":{"0":0,"1":0,"2":0,"3":0},"b":{"0":[0,0],"1":[0,0],"2":[0,0]},"inputSourceMap":null,"_coverageSchema":"1a1c01bbd47fc00a2c39e90264f33305004495a9","hash":"62b19b9e7628c4ccdb0722c756f1687fed9ca043"}
,"/home/lef/Documents/GitHub/NodeTP/API-Rest-auth/src/routes/twoFactor.routes.js": {"path":"/home/lef/Documents/GitHub/NodeTP/API-Rest-auth/src/routes/twoFactor.routes.js","statementMap":{"0":{"start":{"line":6,"column":15},"end":{"line":6,"column":23}},"1":{"start":{"line":9,"column":0},"end":{"line":9,"column":27}},"2":{"start":{"line":42,"column":0},"end":{"line":42,"column":51}},"3":{"start":{"line":73,"column":0},"end":{"line":73,"column":53}},"4":{"start":{"line":104,"column":0},"end":{"line":104,"column":51}},"5":{"start":{"line":136,"column":0},"end":{"line":136,"column":53}}},"fnMap":{},"branchMap":{},"s":{"0":5,"1":5,"2":5,"3":5,"4":5,"5":5},"f":{},"b":{},"inputSourceMap":null,"_coverageSchema":"1a1c01bbd47fc00a2c39e90264f33305004495a9","hash":"ea47a3f27ba1d0d60796aae37fecb90eafe0fbdf"}
,"/home/lef/Documents/GitHub/NodeTP/API-Rest-auth/src/routes/user.routes.js": {"path":"/home/lef/Documents/GitHub/NodeTP/API-Rest-auth/src/routes/user.routes.js","statementMap":{"0":{"start":{"line":6,"column":15},"end":{"line":6,"column":23}},"1":{"start":{"line":57,"column":0},"end":{"line":57,"column":67}},"2":{"start":{"line":107,"column":0},"end":{"line":107,"column":57}},"3":{"start":{"line":128,"column":0},"end":{"line":128,"column":57}},"4":{"start":{"line":149,"column":0},"end":{"line":149,"column":61}},"5":{"start":{"line":180,"column":0},"end":{"line":180,"column":66}},"6":{"start":{"line":197,"column":0},"end":{"line":197,"column":62}},"7":{"start":{"line":214,"column":0},"end":{"line":214,"column":83}},"8":{"start":{"line":231,"column":0},"end":{"line":231,"column":80}},"9":{"start":{"line":248,"column":0},"end":{"line":248,"column":84}}},"fnMap":{},"branchMap":{},"s":{"0":5,"1":5,"2":5,"3":5,"4":5,"5":5,"6":5,"7":5,"8":5,"9":5},"f":{},"b":{},"inputSourceMap":null,"_coverageSchema":"1a1c01bbd47fc00a2c39e90264f33305004495a9","hash":"c0d72a6b510db32ce6d7c180a5b8e08a809dc669"}
[...]
line":118,"column":4},"end":{"line":120,"column":5}},"31":{"start":{"line":119,"column":6},"end":{"line":119,"column":42}},"32":{"start":{"line":122,"column":4},"end":{"line":129,"column":7}},"33":{"start":{"line":131,"column":4},"end":{"line":131,"column":29}}},"fnMap":{"0":{"name":"(anonymous_0)","decl":{"start":{"line":10,"column":2},"end":{"line":10,"column":3}},"loc":{"start":{"line":10,"column":33},"end":{"line":39,"column":3}},"line":10},"1":{"name":"(anonymous_1)","decl":{"start":{"line":18,"column":51},"end":{"line":18,"column":52}},"loc":{"start":{"line":19,"column":6},"end":{"line":19,"column":57}},"line":19},"2":{"name":"(anonymous_2)","decl":{"start":{"line":44,"column":2},"end":{"line":44,"column":3}},"loc":{"start":{"line":44,"column":39},"end":{"line":82,"column":3}},"line":44},"3":{"name":"(anonymous_3)","decl":{"start":{"line":87,"column":2},"end":{"line":87,"column":3}},"loc":{"start":{"line":87,"column":40},"end":{"line":100,"column":3}},"line":87},"4":{"name":"(anonymous_4)","decl":{"start":{"line":105,"column":2},"end":{"line":105,"column":3}},"loc":{"start":{"line":105,"column":44},"end":{"line":132,"column":3}},"line":105}},"branchMap":{"0":{"loc":{"start":{"line":49,"column":4},"end":{"line":51,"column":5}},"type":"if","locations":[{"start":{"line":49,"column":4},"end":{"line":51,"column":5}},{"start":{},"end":{}}],"line":49},"1":{"loc":{"start":{"line":49,"column":8},"end":{"line":49,"column":38}},"type":"binary-expr","locations":[{"start":{"line":49,"column":8},"end":{"line":49,"column":13}},{"start":{"line":49,"column":17},"end":{"line":49,"column":38}}],"line":49},"2":{"loc":{"start":{"line":61,"column":4},"end":{"line":63,"column":5}},"type":"if","locations":[{"start":{"line":61,"column":4},"end":{"line":63,"column":5}},{"start":{},"end":{}}],"line":61},"3":{"loc":{"start":{"line":66,"column":4},"end":{"line":79,"column":5}},"type":"if","locations":[{"start":{"line":66,"column":4},"end":{"line":79,"column":5}},{"start":{},"end":{}}],"line":66},"4":{"loc":{"start":{"line":70,"column":6},"end":{"line":78,"column":7}},"type":"if","locations":[{"start":{"line":70,"column":6},"end":{"line":78,"column":7}},{"start":{},"end":{}}],"line":70},"5":{"loc":{"start":{"line":90,"column":4},"end":{"line":92,"column":5}},"type":"if","locations":[{"start":{"line":90,"column":4},"end":{"line":92,"column":5}},{"start":{},"end":{}}],"line":90},"6":{"loc":{"start":{"line":110,"column":4},"end":{"line":112,"column":5}},"type":"if","locations":[{"start":{"line":110,"column":4},"end":{"line":112,"column":5}},{"start":{},"end":{}}],"line":110},"7":{"loc":{"start":{"line":118,"column":4},"end":{"line":120,"column":5}},"type":"if","locations":[{"start":{"line":118,"column":4},"end":{"line":120,"column":5}},{"start":{},"end":{}}],"line":118}},"s":{"0":0,"1":0,"2":0,"3":0,"4":0,"5":0,"6":0,"7":0,"8":0,"9":0,"10":0,"11":0,"12":0,"13":0,"14":0,"15":0,"16":0,"17":0,"18":0,"19":0,"20":0,"21":0,"22":0,"23":0,"24":0,"25":0,"26":0,"27":0,"28":0,"29":0,"30":0,"31":0,"32":0,"33":0},"f":{"0":0,"1":0,"2":0,"3":0,"4":0},"b":{"0":[0,0],"1":[0,0],"2":[0,0],"3":[0,0],"4":[0,0],"5":[0,0],"6":[0,0],"7":[0,0]},"inputSourceMap":null,"_coverageSchema":"1a1c01bbd47fc00a2c39e90264f33305004495a9","hash":"20783956c9f39d2fd0108022cbffba77b963b6d1"}
,"/home/lef/Documents/GitHub/NodeTP/API-Rest-auth/src/services/user.service.js": {"path":"/home/lef/Documents/GitHub/NodeTP/API-Rest-auth/src/services/user.service.js","statementMap":{"0":{"start":{"line":13,"column":29},"end":{"line":15,"column":10}},"1":{"start":{"line":17,"column":8},"end":{"line":19,"column":9}},"2":{"start":{"line":18,"column":12},"end":{"line":18,"column":79}},"3":{"start":{"line":22,"column":31},"end":{"line":22,"column":59}},"4":{"start":{"line":25,"column":21},"end":{"line":32,"column":10}},"5":{"start":{"line":35,"column":28},"end":{"line":38,"column":16}},"6":{"start":{"line":41,"column":29},"end":{"line":44,"column":16}},"7":{"start":{"line":47,"column":8},"end":{"line":53,"column":11}},"8":{"start":{"line":55,"column":8},"end":{"line":59,"column":10}},"9":{"start":{"line":66,"column":41},"end":{"line":66,"column":49}},"10":{"start":{"line":69,"column":21},"end":{"line":71,"column":10}},"11":{"start":{"line":75,"column":8},"end":{"line":77,"column":9}},"12":{"start":{"line":76,"column":12},"end":{"line":76,"column":67}},"13":{"start":{"line":80,"column":32},"end":{"line":80,"column":77}},"14":{"start":{"line":83,"column":8},"end":{"line":94,"column":9}},"15":{"start":{"line":84,"column":12},"end":{"line":91,"column":31}},"16":{"start":{"line":93,"column":12},"end":{"line":93,"column":67}},"17":{"start":{"line":97,"column":8},"end":{"line":108,"column":9}},"18":{"start":{"line":98,"column":12},"end":{"line":105,"column":31}},"19":{"start":{"line":107,"column":12},"end":{"line":107,"column":67}},"20":{"start":{"line":111,"column":28},"end":{"line":114,"column":16}},"21":{"start":{"line":117,"column":29},"end":{"line":120,"column":16}},"22":{"start":{"line":123,"column":8},"end":{"line":131,"column":11}},"23":{"start":{"line":134,"column":8},"end":{"line":141,"column":11}},"24":{"start":{"line":143,"column":8},"end":{"line":147,"column":10}},"25":{"start":{"line":154,"column":21},"end":{"line":156,"column":10}},"26":{"start":{"line":158,"column":8},"end":{"line":160,"column":9}},"27":{"start":{"line":159,"column":12},"end":{"line":159,"column":58}},"28":{"start":{"line":162,"column":24},"end":{"line":173,"column":10}},"29":{"start":{"line":175,"column":8},"end":{"line":175,"column":23}},"30":{"start":{"line":182,"column":27},"end":{"line":182,"column":79}},"31":{"start":{"line":184,"column":22},"end":{"line":192,"column":10}},"32":{"start":{"line":194,"column":8},"end":{"line":194,"column":21}},"33":{"start":{"line":201,"column":21},"end":{"line":203,"column":10}},"34":{"start":{"line":205,"column":8},"end":{"line":207,"column":9}},"35":{"start":{"line":206,"column":12},"end":{"line":206,"column":58}},"36":{"start":{"line":209,"column":8},"end":{"line":209,"column":33}},"37":{"start":{"line":216,"column":21},"end":{"line":218,"column":10}},"38":{"start":{"line":220,"column":8},"end":{"line":222,"column":9}},"39":{"start":{"line":221,"column":12},"end":{"line":221,"column":58}},"40":{"start":{"line":224,"column":28},"end":{"line":227,"column":10}},"41":{"start":{"line":229,"column":8},"end":{"line":229,"column":40}},"42":{"start":{"line":237,"column":8},"end":{"line":242,"column":9}},"43":{"start":{"line":238,"column":12},"end":{"line":241,"column":15}},"44":{"start":{"line":245,"column":8},"end":{"line":256,"column":9}},"45":{"start":{"line":246,"column":41},"end":{"line":246,"column":79}},"46":{"start":{"line":247,"column":36},"end":{"line":247,"column":60}},"47":{"start":{"line":249,"column":12},"end":{"line":255,"column":13}},"48":{"start":{"line":250,"column":32},"end":{"line":250,"column":62}},"49":{"start":{"line":251,"column":34},"end":{"line":251,"column":62}},"50":{"start":{"line":252,"column":16},"end":{"line":252,"column":94}},"51":{"start":{"line":258,"column":8},"end":{"line":258,"column":69}}},"fnMap":{"0":{"name":"(anonymous_0)","decl":{"start":{"line":11,"column":4},"end":{"line":11,"column":5}},"loc":{"start":{"line":11,"column":68},"end":{"line":60,"column":5}},"line":11},"1":{"name":"(anonymous_1)","decl":{"start":{"line":65,"column":4},"end":{"line":65,"column":5}},"loc":{"start":{"line":65,"column":59},"end":{"line":148,"column":5}},"line":65},"2":{"name":"(anonymous_2)","decl":{"start":{"line":91,"column":21},"end":{"line":91,"column":22}},"loc":{"start":{"line":91,"column":27},"end":{"line":91,"column":29}},"line":91},"3":{"name":"(anonymous_3)","decl":{"start":{"line":105,"column":21},"end":{"line":105,"column":22}},"loc":{"start":{"line":105,"column":27},"end":{"line":105,"column":29}},"line":105},"4":{"name":"(anonymous_4)","decl":{"start":{"line":153,"column":4},"end":{"line":153,"column":5}},"loc":{"start":{"line":153,"column":53},"end":{"line":176,"column":5}},"line":153},"5":{"name":"(anonymous_5)","decl":{"start":{"line":181,"column":4},"end":{"line":181,"column":5}},"loc":{"start":{"line":181,"column":72},"end":{"line":195,"column":5}},"line":181},"6":{"name":"(anonymous_6)","decl":{"start":{"line":200,"column":4},"end":{"line":200,"column":5}},"loc":{"start":{"line":200,"column":37},"end":{"line":210,"column":5}},"line":200},"7":{"name":"(anonymous_7)","decl":{"start":{"line":215,"column":4},"end":{"line":215,"column":5}},"loc":{"start":{"line":215,"column":42},"end":{"line":230,"column":5}},"line":215},"8":{"name":"(anonymous_8)","decl":{"start":{"line":235,"column":4},"end":{"line":235,"column":5}},"loc":{"start":{"line":235,"column":51},"end":{"line":259,"column":5}},"line":235}},"branchMap":{"0":{"loc":{"start":{"line":17,"column":8},"end":{"line":19,"column":9}},"type":"if","locations":[{"start":{"line":17,"column":8},"end":{"line":19,"column":9}},{"start":{},"end":{}}],"line":17},"1":{"loc":{"start":{"line":65,"column":44},"end":{"line":65,"column":57}},"type":"default-arg","locations":[{"start":{"line":65,"column":55},"end":{"line":65,"column":57}}],"line":65},"2":{"loc":{"start":{"line":75,"column":8},"end":{"line":77,"column":9}},"type":"if","locations":[{"start":{"line":75,"column":8},"end":{"line":77,"column":9}},{"start":{},"end":{}}],"line":75},"3":{"loc":{"start":{"line":83,"column":8},"end":{"line":94,"column":9}},"type":"if","locations":[{"start":{"line":83,"column":8},"end":{"line":94,"column":9}},{"start":{},"end":{}}],"line":83},"4":{"loc":{"start":{"line":97,"column":8},"end":{"line":108,"column":9}},"type":"if","locations":[{"start":{"line":97,"column":8},"end":{"line":108,"column":9}},{"start":{},"end":{}}],"line":97},"5":{"loc":{"start":{"line":153,"column":41},"end":{"line":153,"column":51}},"type":"default-arg","locations":[{"start":{"line":153,"column":49},"end":{"line":153,"column":51}}],"line":153},"6":{"loc":{"start":{"line":158,"column":8},"end":{"line":160,"column":9}},"type":"if","locations":[{"start":{"line":158,"column":8},"end":{"line":160,"column":9}},{"start":{},"end":{}}],"line":158},"7":{"loc":{"start":{"line":181,"column":48},"end":{"line":181,"column":70}},"type":"default-arg","locations":[{"start":{"line":181,"column":68},"end":{"line":181,"column":70}}],"line":181},"8":{"loc":{"start":{"line":205,"column":8},"end":{"line":207,"column":9}},"type":"if","locations":[{"start":{"line":205,"column":8},"end":{"line":207,"column":9}},{"start":{},"end":{}}],"line":205},"9":{"loc":{"start":{"line":220,"column":8},"end":{"line":222,"column":9}},"type":"if","locations":[{"start":{"line":220,"column":8},"end":{"line":222,"column":9}},{"start":{},"end":{}}],"line":220},"10":{"loc":{"start":{"line":237,"column":8},"end":{"line":242,"column":9}},"type":"if","locations":[{"start":{"line":237,"column":8},"end":{"line":242,"column":9}},{"start":{},"end":{}}],"line":237},"11":{"loc":{"start":{"line":245,"column":8},"end":{"line":256,"column":9}},"type":"if","locations":[{"start":{"line":245,"column":8},"end":{"line":256,"column":9}},{"start":{},"end":{}}],"line":245}},"s":{"0":27,"1":0,"2":0,"3":0,"4":0,"5":0,"6":0,"7":0,"8":0,"9":23,"10":23,"11":0,"12":0,"13":0,"14":0,"15":0,"16":0,"17":0,"18":0,"19":0,"20":0,"21":0,"22":0,"23":0,"24":0,"25":0,"26":0,"27":0,"28":0,"29":0,"30":0,"31":0,"32":0,"33":0,"34":0,"35":0,"36":0,"37":0,"38":0,"39":0,"40":0,"41":0,"42":0,"43":0,"44":0,"45":0,"46":0,"47":0,"48":0,"49":0,"50":0,"51":0},"f":{"0":27,"1":23,"2":0,"3":0,"4":0,"5":0,"6":0,"7":0,"8":0},"b":{"0":[0,0],"1":[0],"2":[0,0],"3":[0,0],"4":[0,0],"5":[0],"6":[0,0],"7":[0],"8":[0,0],"9":[0,0],"10":[0,0],"11":[0,0]},"inputSourceMap":null,"_coverageSchema":"1a1c01bbd47fc00a2c39e90264f33305004495a9","hash":"0bb6f091b8fe8aada30d07b6883637a87197005b"}
,"/home/lef/Documents/GitHub/NodeTP/API-Rest-auth/src/services/userService.js": {"path":"/home/lef/Documents/GitHub/NodeTP/API-Rest-auth/src/services/userService.js","statementMap":{"0":{"start":{"line":6,"column":17},"end":{"line":18,"column":6}},"1":{"start":{"line":20,"column":4},"end":{"line":22,"column":5}},"2":{"start":{"line":21,"column":6},"end":{"line":21,"column":48}},"3":{"start":{"line":24,"column":4},"end":{"line":24,"column":16}},"4":{"start":{"line":28,"column":28},"end":{"line":28,"column":32}},"5":{"start":{"line":30,"column":4},"end":{"line":41,"column":5}},"6":{"start":{"line":31,"column":27},"end":{"line":36,"column":8}},"7":{"start":{"line":38,"column":6},"end":{"line":40,"column":7}},"8":{"start":{"line":39,"column":8},"end":{"line":39,"column":54}},"9":{"start":{"line":43,"column":4},"end":{"line":56,"column":7}},"10":{"start":{"line":60,"column":17},"end":{"line":60,"column":72}},"11":{"start":{"line":62,"column":4},"end":{"line":64,"column":5}},"12":{"start":{"line":63,"column":6},"end":{"line":63,"column":48}},"13":{"start":{"line":66,"column":4},"end":{"line":71,"column":5}},"14":{"start":{"line":67,"column":28},"end":{"line":67,"column":73}},"15":{"start":{"line":68,"column":6},"end":{"line":70,"column":7}},"16":{"start":{"line":69,"column":8},"end":{"line":69,"column":50}},"17":{"start":{"line":73,"column":4},"end":{"line":78,"column":7}},"18":{"start":{"line":80,"column":4},"end":{"line":83,"column":7}},"19":{"start":{"line":85,"column":4},"end":{"line":85,"column":16}},"20":{"start":{"line":89,"column":17},"end":{"line":119,"column":6}},"21":{"start":{"line":121,"column":4},"end":{"line":123,"column":5}},"22":{"start":{"line":122,"column":6},"end":{"line":122,"column":48}},"23":{"start":{"line":125,"column":4},"end":{"line":125,"column":25}},"24":{"start":{"line":126,"column":4},"end":{"line":126,"column":32}},"25":{"start":{"line":128,"column":4},"end":{"line":143,"column":6}}},"fnMap":{"0":{"name":"(anonymous_0)","decl":{"start":{"line":5,"column":2},"end":{"line":5,"column":3}},"loc":{"start":{"line":5,"column":27},"end":{"line":25,"column":3}},"line":5},"1":{"name":"(anonymous_1)","decl":{"start":{"line":27,"column":2},"end":{"line":27,"column":3}},"loc":{"start":{"line":27,"column":36},"end":{"line":57,"column":3}},"line":27},"2":{"name":"(anonymous_2)","decl":{"start":{"line":59,"column":2},"end":{"line":59,"column":3}},"loc":{"start":{"line":59,"column":40},"end":{"line":86,"column":3}},"line":59},"3":{"name":"(anonymous_3)","decl":{"start":{"line":88,"column":2},"end":{"line":88,"column":3}},"loc":{"start":{"line":88,"column":27},"end":{"line":144,"column":3}},"line":88}},"branchMap":{"0":{"loc":{"start":{"line":20,"column":4},"end":{"line":22,"column":5}},"type":"if","locations":[{"start":{"line":20,"column":4},"end":{"line":22,"column":5}},{"start":{},"end":{}}],"line":20},"1":{"loc":{"start":{"line":30,"column":4},"end":{"line":41,"column":5}},"type":"if","locations":[{"start":{"line":30,"column":4},"end":{"line":41,"column":5}},{"start":{},"end":{}}],"line":30},"2":{"loc":{"start":{"line":38,"column":6},"end":{"line":40,"column":7}},"type":"if","locations":[{"start":{"line":38,"column":6},"end":{"line":40,"column":7}},{"start":{},"end":{}}],"line":38},"3":{"loc":{"start":{"line":46,"column":12},"end":{"line":46,"column":28}},"type":"binary-expr","locations":[{"start":{"line":46,"column":12},"end":{"line":46,"column":16}},{"start":{"line":46,"column":20},"end":{"line":46,"column":28}}],"line":46},"4":{"loc":{"start":{"line":47,"column":12},"end":{"line":47,"column":75}},"type":"binary-expr","locations":[{"start":{"line":47,"column":12},"end":{"line":47,"column":17}},{"start":{"line":47,"column":21},"end":{"line":47,"column":75}}],"line":47},"5":{"loc":{"start":{"line":62,"column":4},"end":{"line":64,"column":5}},"type":"if","locations":[{"start":{"line":62,"column":4},"end":{"line":64,"column":5}},{"start":{},"end":{}}],"line":62},"6":{"loc":{"start":{"line":66,"column":4},"end":{"line":71,"column":5}},"type":"if","locations":[{"start":{"line":66,"column":4},"end":{"line":71,"column":5}},{"start":{},"end":{}}],"line":66},"7":{"loc":{"start":{"line":68,"column":6},"end":{"line":70,"column":7}},"type":"if","locations":[{"start":{"line":68,"column":6},"end":{"line":70,"column":7}},{"start":{},"end":{}}],"line":68},"8":{"loc":{"start":{"line":121,"column":4},"end":{"line":123,"column":5}},"type":"if","locations":[{"start":{"line":121,"column":4},"end":{"line":123,"column":5}},{"start":{},"end":{}}],"line":121}},"s":{"0":0,"1":0,"2":0,"3":0,"4":0,"5":0,"6":0,"7":0,"8":0,"9":0,"10":0,"11":0,"12":0,"13":0,"14":0,"15":0,"16":0,"17":0,"18":0,"19":0,"20":0,"21":0,"22":0,"23":0,"24":0,"25":0},"f":{"0":0,"1":0,"2":0,"3":0},"b":{"0":[0,0],"1":[0,0],"2":[0,0],"3":[0,0],"4":[0,0],"5":[0,0],"6":[0,0],"7":[0,0],"8":[0,0]},"inputSourceMap":null}
,"/home/lef/Documents/GitHub/NodeTP/API-Rest-auth/src/services/verification.service.js": {"path":"/home/lef/Documents/GitHub/NodeTP/API-Rest-auth/src/services/verification.service.js","statementMap":{"0":{"start":{"line":11,"column":22},"end":{"line":11,"column":60}},"1":{"start":{"line":14,"column":26},"end":{"line":14,"column":68}},"2":{"start":{"line":17,"column":8},"end":{"line":19,"column":11}},"3":{"start":{"line":22,"column":34},"end":{"line":28,"column":10}},"4":{"start":{"line":30,"column":8},"end":{"line":30,"column":39}},"5":{"start":{"line":38,"column":21},"end":{"line":40,"column":10}},"6":{"start":{"line":42,"column":8},"end":{"line":44,"column":9}},"7":{"start":{"line":43,"column":12},"end":{"line":43,"column":46}},"8":{"start":{"line":46,"column":8},"end":{"line":48,"column":9}},"9":{"start":{"line":47,"column":12},"end":{"line":47,"column":54}},"10":{"start":{"line":51,"column":22},"end":{"line":51,"column":67}},"11":{"start":{"line":54,"column":8},"end":{"line":54,"column":52}},"12":{"start":{"line":56,"column":8},"end":{"line":56,"column":20}},"13":{"start":{"line":64,"column":34},"end":{"line":66,"column":10}},"14":{"start":{"line":68,"column":8},"end":{"line":70,"column":9}},"15":{"start":{"line":69,"column":12},"end":{"line":69,"column":58}},"16":{"start":{"line":73,"column":8},"end":{"line":78,"column":9}},"17":{"start":{"line":74,"column":12},"end":{"line":76,"column":15}},"18":{"start":{"line":77,"column":12},"end":{"line":77,"column":62}},"19":{"start":{"line":81,"column":8},"end":{"line":84,"column":11}},"20":{"start":{"line":87,"column":8},"end":{"line":89,"column":11}},"21":{"start":{"line":91,"column":8},"end":{"line":91,"column":20}}},"fnMap":{"0":{"name":"(anonymous_0)","decl":{"start":{"line":9,"column":4},"end":{"line":9,"column":5}},"loc":{"start":{"line":9,"column":51},"end":{"line":31,"column":5}},"line":9},"1":{"name":"(anonymous_1)","decl":{"start":{"line":36,"column":4},"end":{"line":36,"column":5}},"loc":{"start":{"line":36,"column":46},"end":{"line":57,"column":5}},"line":36},"2":{"name":"(anonymous_2)","decl":{"start":{"line":62,"column":4},"end":{"line":62,"column":5}},"loc":{"start":{"line":62,"column":36},"end":{"line":92,"column":5}},"line":62}},"branchMap":{"0":{"loc":{"start":{"line":42,"column":8},"end":{"line":44,"column":9}},"type":"if","locations":[{"start":{"line":42,"column":8},"end":{"line":44,"column":9}},{"start":{},"end":{}}],"line":42},"1":{"loc":{"start":{"line":46,"column":8},"end":{"line":48,"column":9}},"type":"if","locations":[{"start":{"line":46,"column":8},"end":{"line":48,"column":9}},{"start":{},"end":{}}],"line":46},"2":{"loc":{"start":{"line":68,"column":8},"end":{"line":70,"column":9}},"type":"if","locations":[{"start":{"line":68,"column":8},"end":{"line":70,"column":9}},{"start":{},"end":{}}],"line":68},"3":{"loc":{"start":{"line":73,"column":8},"end":{"line":78,"column":9}},"type":"if","locations":[{"start":{"line":73,"column":8},"end":{"line":78,"column":9}},{"start":{},"end":{}}],"line":73}},"s":{"0":0,"1":0,"2":0,"3":0,"4":0,"5":0,"6":0,"7":0,"8":0,"9":0,"10":0,"11":0,"12":0,"13":0,"14":0,"15":0,"16":0,"17":0,"18":0,"19":0,"20":0,"21":0},"f":{"0":0,"1":0,"2":0},"b":{"0":[0,0],"1":[0,0],"2":[0,0],"3":[0,0]},"inputSourceMap":null,"_coverageSchema":"1a1c01bbd47fc00a2c39e90264f33305004495a9","hash":"82a81eb407dbd9a9c7fcd28da5f13546900c45b8"}
}
