TN:
SF:src/app.js
FN:42,(anonymous_0)
FN:48,(anonymous_1)
FN:65,(anonymous_2)
FN:87,(anonymous_3)
FN:102,(anonymous_4)
FNF:5
FNH:2
FNDA:0,(anonymous_0)
FNDA:16,(anonymous_1)
FNDA:0,(anonymous_2)
FNDA:0,(anonymous_3)
FNDA:1,(anonymous_4)
DA:24,5
DA:27,5
DA:28,5
DA:29,5
DA:30,5
DA:31,5
DA:32,5
DA:36,5
DA:42,5
DA:43,0
DA:44,0
DA:48,5
DA:49,16
DA:65,5
DA:66,0
DA:67,0
DA:72,0
DA:82,0
DA:87,5
DA:88,0
DA:92,5
DA:93,5
DA:94,5
DA:95,5
DA:96,5
DA:97,5
DA:98,5
DA:99,5
DA:102,5
DA:103,1
DA:110,5
LF:31
LH:24
BRDA:68,0,0,0
BRDA:68,0,1,0
BRF:2
BRH:0
end_of_record
TN:
SF:src/config/logger.js
FNF:0
FNH:0
DA:5,0
DA:6,0
DA:8,0
DA:10,0
DA:40,0
DA:41,0
LF:6
LH:0
BRDA:11,0,0,0
BRDA:11,0,1,0
BRDA:40,1,0,0
BRDA:40,1,1,0
BRF:4
BRH:0
end_of_record
TN:
SF:src/config/passport.js
FN:13,(anonymous_0)
FN:62,(anonymous_1)
FN:66,(anonymous_2)
FNF:3
FNH:0
FNDA:0,(anonymous_0)
FNDA:0,(anonymous_1)
FNDA:0,(anonymous_2)
DA:5,0
DA:6,0
DA:14,0
DA:15,0
DA:17,0
DA:19,0
DA:20,0
DA:30,0
DA:37,0
DA:38,0
DA:48,0
DA:54,0
DA:56,0
DA:62,0
DA:63,0
DA:66,0
DA:67,0
DA:68,0
DA:69,0
DA:71,0
LF:20
LH:0
BRDA:9,0,0,0
BRDA:9,0,1,0
BRDA:10,1,0,0
BRDA:10,1,1,0
BRDA:11,2,0,0
BRDA:11,2,1,0
BRDA:19,3,0,0
BRDA:19,3,1,0
BRDA:37,4,0,0
BRDA:37,4,1,0
BRF:10
BRH:0
end_of_record
TN:
SF:src/config/swagger.config.js
FNF:0
FNH:0
DA:3,5
DA:181,5
LF:2
LH:2
BRF:0
BRH:0
end_of_record
TN:
SF:src/controllers/admin.controller.js
FN:10,(anonymous_0)
FN:23,(anonymous_1)
FN:37,(anonymous_2)
FNF:3
FNH:0
FNDA:0,(anonymous_0)
FNDA:0,(anonymous_1)
FNDA:0,(anonymous_2)
DA:10,5
DA:11,0
DA:13,0
DA:23,5
DA:24,0
DA:26,0
DA:37,5
DA:38,0
DA:39,0
DA:41,0
LF:10
LH:3
BRF:0
BRH:0
end_of_record
TN:
SF:src/controllers/auth.controller.js
FN:7,(anonymous_0)
FN:18,(anonymous_1)
FN:29,(anonymous_2)
FN:49,(anonymous_3)
FN:59,(anonymous_4)
FN:70,(anonymous_5)
FNF:6
FNH:0
FNDA:0,(anonymous_0)
FNDA:0,(anonymous_1)
FNDA:0,(anonymous_2)
FNDA:0,(anonymous_3)
FNDA:0,(anonymous_4)
FNDA:0,(anonymous_5)
DA:8,0
DA:10,0
DA:11,0
DA:19,0
DA:21,0
DA:22,0
DA:30,0
DA:32,0
DA:33,0
DA:40,0
DA:42,0
DA:50,0
DA:51,0
DA:52,0
DA:60,0
DA:62,0
DA:63,0
DA:71,0
DA:72,0
DA:76,0
DA:78,0
LF:21
LH:0
BRDA:32,0,0,0
BRDA:32,0,1,0
BRDA:74,1,0,0
BRDA:74,1,1,0
BRF:4
BRH:0
end_of_record
TN:
SF:src/controllers/oauthController.js
FN:6,(anonymous_0)
FN:10,(anonymous_1)
FN:14,(anonymous_2)
FN:26,(anonymous_3)
FNF:4
FNH:0
FNDA:0,(anonymous_0)
FNDA:0,(anonymous_1)
FNDA:0,(anonymous_2)
FNDA:0,(anonymous_3)
DA:7,0
DA:11,0
DA:15,0
DA:16,0
DA:17,0
DA:20,0
DA:22,0
DA:27,0
DA:28,0
DA:30,0
DA:31,0
DA:33,0
DA:38,5
DA:39,5
DA:40,5
DA:41,5
DA:42,5
LF:17
LH:5
BRDA:11,0,0,0
BRDA:11,0,1,0
BRF:2
BRH:0
end_of_record
TN:
SF:src/controllers/password.controller.js
FN:9,(anonymous_0)
FNF:1
FNH:0
FNDA:0,(anonymous_0)
DA:9,5
DA:10,0
DA:11,0
DA:13,0
DA:14,0
DA:20,0
DA:21,0
DA:27,0
DA:29,0
LF:9
LH:1
BRDA:13,0,0,0
BRDA:13,0,1,0
BRDA:13,1,0,0
BRDA:13,1,1,0
BRDA:20,2,0,0
BRDA:20,2,1,0
BRF:6
BRH:0
end_of_record
TN:
SF:src/controllers/twoFactor.controller.js
FN:8,(anonymous_0)
FN:27,(anonymous_1)
FN:49,(anonymous_2)
FN:72,(anonymous_3)
FNF:4
FNH:0
FNDA:0,(anonymous_0)
FNDA:0,(anonymous_1)
FNDA:0,(anonymous_2)
FNDA:0,(anonymous_3)
DA:8,5
DA:9,0
DA:11,0
DA:13,0
DA:27,5
DA:28,0
DA:29,0
DA:31,0
DA:32,0
DA:38,0
DA:40,0
DA:49,5
DA:50,0
DA:51,0
DA:53,0
DA:54,0
DA:60,0
DA:62,0
DA:72,5
DA:73,0
DA:74,0
DA:76,0
DA:77,0
DA:83,0
DA:85,0
LF:25
LH:4
BRDA:31,0,0,0
BRDA:31,0,1,0
BRDA:53,1,0,0
BRDA:53,1,1,0
BRDA:64,2,0,0
BRDA:64,2,1,0
BRDA:76,3,0,0
BRDA:76,3,1,0
BRF:8
BRH:0
end_of_record
TN:
SF:src/controllers/twoFactorController.js
FN:4,(anonymous_0)
FN:20,(anonymous_1)
FN:37,(anonymous_2)
FN:54,(anonymous_3)
FNF:4
FNH:0
FNDA:0,(anonymous_0)
FNDA:0,(anonymous_1)
FNDA:0,(anonymous_2)
FNDA:0,(anonymous_3)
DA:5,0
DA:6,0
DA:9,0
DA:16,0
DA:21,0
DA:22,0
DA:23,0
DA:25,0
DA:26,0
DA:31,0
DA:33,0
DA:38,0
DA:39,0
DA:40,0
DA:42,0
DA:43,0
DA:48,0
DA:50,0
DA:55,0
DA:56,0
DA:57,0
DA:59,0
DA:60,0
DA:64,0
DA:66,0
DA:67,0
DA:70,0
DA:72,0
DA:77,0
DA:78,0
DA:79,0
DA:80,0
DA:81,0
LF:33
LH:0
BRDA:25,0,0,0
BRDA:25,0,1,0
BRDA:42,1,0,0
BRDA:42,1,1,0
BRDA:42,2,0,0
BRDA:42,2,1,0
BRDA:59,3,0,0
BRDA:59,3,1,0
BRDA:66,4,0,0
BRDA:66,4,1,0
BRF:10
BRH:0
end_of_record
TN:
SF:src/controllers/user.controller.js
FN:11,(anonymous_0)
FN:26,(anonymous_1)
FN:48,(anonymous_2)
FN:61,(anonymous_3)
FN:76,(anonymous_4)
FN:92,(anonymous_5)
FN:106,(anonymous_6)
FN:123,(anonymous_7)
FN:141,(anonymous_8)
FNF:9
FNH:2
FNDA:29,(anonymous_0)
FNDA:23,(anonymous_1)
FNDA:0,(anonymous_2)
FNDA:0,(anonymous_3)
FNDA:0,(anonymous_4)
FNDA:0,(anonymous_5)
FNDA:0,(anonymous_6)
FNDA:0,(anonymous_7)
FNDA:0,(anonymous_8)
DA:11,5
DA:12,29
DA:13,27
DA:15,0
DA:26,5
DA:27,23
DA:30,23
DA:35,23
DA:37,0
DA:48,5
DA:49,0
DA:51,0
DA:61,5
DA:62,0
DA:63,0
DA:65,0
DA:76,5
DA:77,0
DA:78,0
DA:80,0
DA:82,0
DA:92,5
DA:93,0
DA:94,0
DA:96,0
DA:106,5
DA:107,0
DA:108,0
DA:110,0
DA:123,5
DA:124,0
DA:125,0
DA:130,0
DA:141,5
DA:142,0
DA:143,0
DA:145,0
LF:37
LH:14
BRDA:31,0,0,23
BRDA:31,0,1,0
BRDA:93,1,0,0
BRDA:93,1,1,0
BRDA:107,2,0,0
BRDA:107,2,1,0
BRF:6
BRH:1
end_of_record
TN:
SF:src/controllers/userController.js
FN:4,(anonymous_0)
FN:15,(anonymous_1)
FN:30,(anonymous_2)
FN:46,(anonymous_3)
FNF:4
FNH:0
FNDA:0,(anonymous_0)
FNDA:0,(anonymous_1)
FNDA:0,(anonymous_2)
FNDA:0,(anonymous_3)
DA:5,0
DA:6,0
DA:8,0
DA:9,0
DA:11,0
DA:16,0
DA:17,0
DA:18,0
DA:21,0
DA:26,0
DA:31,0
DA:32,0
DA:33,0
DA:35,0
DA:36,0
DA:40,0
DA:42,0
DA:47,0
DA:48,0
DA:50,0
DA:52,0
DA:53,0
DA:54,0
DA:56,0
DA:61,5
DA:62,5
DA:63,5
DA:64,5
DA:65,5
LF:29
LH:5
BRDA:35,0,0,0
BRDA:35,0,1,0
BRF:2
BRH:0
end_of_record
TN:
SF:src/dto/authToken.dto.js
FN:2,(anonymous_0)
FNF:1
FNH:0
FNDA:0,(anonymous_0)
DA:3,0
DA:4,0
LF:2
LH:0
BRF:0
BRH:0
end_of_record
TN:
SF:src/dto/register.dto.js
FNF:0
FNH:0
DA:3,1
LF:1
LH:1
BRF:0
BRH:0
end_of_record
TN:
SF:src/dto/user.dto.js
FN:2,(anonymous_0)
FNF:1
FNH:0
FNDA:0,(anonymous_0)
DA:3,0
DA:4,0
DA:5,0
DA:6,0
DA:7,0
DA:8,0
DA:9,0
DA:10,0
LF:8
LH:0
BRF:0
BRH:0
end_of_record
TN:
SF:src/jobs/cleanup.job.js
FN:9,startCleanupJobs
FN:11,(anonymous_1)
FN:29,runCleanupManually
FN:37,runCleanup
FN:55,stopCleanupJobs
FN:56,(anonymous_5)
FNF:6
FNH:0
FNDA:0,startCleanupJobs
FNDA:0,(anonymous_1)
FNDA:0,runCleanupManually
FNDA:0,runCleanup
FNDA:0,stopCleanupJobs
FNDA:0,(anonymous_5)
DA:11,0
DA:12,0
DA:13,0
DA:15,0
DA:17,0
DA:19,0
DA:23,0
DA:30,0
DA:31,0
DA:39,0
DA:40,0
DA:43,0
DA:44,0
DA:46,0
DA:56,0
LF:15
LH:0
BRF:0
BRH:0
end_of_record
TN:
SF:src/lib/async-handler.js
FN:1,asyncHandler
FN:2,(anonymous_1)
FNF:2
FNH:2
FNDA:135,asyncHandler
FNDA:52,(anonymous_1)
DA:2,135
DA:3,52
LF:2
LH:2
BRF:0
BRH:0
end_of_record
TN:
SF:src/lib/exceptions.js
FN:2,(anonymous_0)
FN:11,(anonymous_1)
FN:17,(anonymous_2)
FN:23,(anonymous_3)
FN:29,(anonymous_4)
FN:35,(anonymous_5)
FN:41,(anonymous_6)
FNF:7
FNH:2
FNDA:2,(anonymous_0)
FNDA:0,(anonymous_1)
FNDA:0,(anonymous_2)
FNDA:0,(anonymous_3)
FNDA:0,(anonymous_4)
FNDA:0,(anonymous_5)
FNDA:2,(anonymous_6)
DA:3,2
DA:4,2
DA:5,2
DA:6,2
DA:12,0
DA:18,0
DA:24,0
DA:30,0
DA:36,0
DA:42,2
LF:10
LH:5
BRDA:2,0,0,2
BRDA:11,1,0,0
BRDA:11,2,0,0
BRDA:17,3,0,0
BRDA:23,4,0,0
BRDA:29,5,0,0
BRDA:35,6,0,0
BRF:7
BRH:1
end_of_record
TN:
SF:src/lib/jwt.js
FN:7,signToken
FN:16,verifyToken
FNF:2
FNH:1
FNDA:0,signToken
FNDA:1,verifyToken
DA:4,6
DA:5,6
DA:8,0
DA:17,1
DA:18,0
LF:5
LH:3
BRDA:7,0,0,0
BRF:1
BRH:0
end_of_record
TN:
SF:src/lib/logger.js
FNF:0
FNH:0
DA:4,7
DA:6,7
DA:16,7
LF:3
LH:3
BRDA:7,0,0,0
BRDA:7,0,1,7
BRDA:8,1,0,0
BRDA:8,1,1,7
BRF:4
BRH:2
end_of_record
TN:
SF:src/lib/mailer.js
FN:3,hasSMTP
FN:26,(anonymous_1)
FN:41,(anonymous_2)
FN:67,(anonymous_3)
FN:95,(anonymous_4)
FN:116,(anonymous_5)
FN:146,(anonymous_6)
FNF:7
FNH:1
FNDA:5,hasSMTP
FNDA:0,(anonymous_1)
FNDA:0,(anonymous_2)
FNDA:0,(anonymous_3)
FNDA:0,(anonymous_4)
FNDA:0,(anonymous_5)
FNDA:0,(anonymous_6)
DA:4,5
DA:13,5
DA:25,5
DA:27,0
DA:28,0
DA:29,0
DA:32,0
DA:42,0
DA:43,0
DA:45,0
DA:60,0
DA:68,0
DA:69,0
DA:71,0
DA:88,0
DA:96,0
DA:109,0
DA:117,0
DA:119,0
DA:139,0
DA:147,0
DA:161,0
LF:22
LH:3
BRDA:5,0,0,5
BRDA:5,0,1,0
BRDA:5,0,2,0
BRDA:5,0,3,0
BRDA:5,0,4,0
BRDA:13,1,0,0
BRDA:13,1,1,5
BRDA:27,2,0,0
BRDA:27,2,1,0
BRDA:28,3,0,0
BRDA:28,3,1,0
BRDA:37,4,0,0
BRDA:37,4,1,0
BRDA:42,5,0,0
BRDA:42,5,1,0
BRDA:68,6,0,0
BRDA:68,6,1,0
BRDA:95,7,0,0
BRDA:116,8,0,0
BRDA:116,9,0,0
BRDA:117,10,0,0
BRDA:117,11,0,0
BRDA:117,12,0,0
BRDA:146,13,0,0
BRDA:146,14,0,0
BRF:25
BRH:2
end_of_record
TN:
SF:src/lib/password.js
FN:4,hashPassword
FN:8,verifyPassword
FNF:2
FNH:0
FNDA:0,hashPassword
FNDA:0,verifyPassword
DA:5,0
DA:9,0
LF:2
LH:0
BRF:0
BRH:0
end_of_record
TN:
SF:src/lib/prisma.js
FN:21,(anonymous_0)
FNF:1
FNH:1
FNDA:80,(anonymous_0)
DA:7,7
DA:10,7
DA:11,0
DA:14,0
DA:17,7
DA:20,7
DA:22,80
DA:24,6
DA:28,6
DA:33,6
DA:35,80
LF:11
LH:9
BRDA:10,0,0,0
BRDA:10,0,1,7
BRDA:11,1,0,0
BRDA:11,1,1,0
BRDA:22,2,0,6
BRDA:22,2,1,74
BRDA:24,3,0,6
BRDA:24,3,1,0
BRF:8
BRH:4
end_of_record
TN:
SF:src/lib/validate.js
FN:3,(anonymous_0)
FN:3,(anonymous_1)
FN:16,(anonymous_2)
FNF:3
FNH:1
FNDA:0,(anonymous_0)
FNDA:0,(anonymous_1)
FNDA:52,(anonymous_2)
DA:3,5
DA:4,0
DA:6,0
DA:7,0
DA:12,0
DA:13,0
DA:16,5
DA:17,52
DA:19,52
DA:20,2
DA:21,2
DA:22,2
DA:25,50
LF:13
LH:8
BRDA:6,0,0,0
BRDA:6,0,1,0
BRDA:19,1,0,2
BRDA:19,1,1,50
BRF:4
BRH:2
end_of_record
TN:
SF:src/middlewares/auth.middleware.js
FN:5,authMiddleware
FNF:1
FNH:1
FNDA:15,authMiddleware
DA:6,15
DA:7,15
DA:9,10
DA:10,10
DA:12,9
DA:14,9
DA:15,0
DA:16,0
DA:19,0
DA:21,0
DA:25,0
DA:26,0
DA:30,0
DA:31,0
DA:35,0
DA:36,0
DA:37,0
DA:38,0
DA:40,9
LF:19
LH:7
BRDA:7,0,0,5
BRDA:7,0,1,10
BRDA:10,1,0,1
BRDA:10,1,1,9
BRDA:10,2,0,10
BRDA:10,2,1,9
BRDA:15,3,0,0
BRDA:15,3,1,0
BRDA:25,4,0,0
BRDA:25,4,1,0
BRDA:30,5,0,0
BRDA:30,5,1,0
BRF:12
BRH:6
end_of_record
TN:
SF:src/middlewares/error-handler.js
FN:4,errorHandler
FNF:1
FNH:1
FNDA:53,errorHandler
DA:6,53
DA:13,53
DA:14,2
DA:21,51
DA:22,0
DA:28,51
DA:29,0
DA:35,51
DA:36,0
DA:42,51
DA:44,51
LF:11
LH:8
BRDA:13,0,0,2
BRDA:13,0,1,51
BRDA:17,1,0,2
BRDA:17,1,1,0
BRDA:21,2,0,0
BRDA:21,2,1,51
BRDA:28,3,0,0
BRDA:28,3,1,51
BRDA:35,4,0,0
BRDA:35,4,1,51
BRDA:35,5,0,51
BRDA:35,5,1,0
BRDA:46,6,0,0
BRDA:46,6,1,51
BRDA:47,7,0,51
BRDA:47,7,1,51
BRF:16
BRH:10
end_of_record
TN:
SF:src/middlewares/not-found.js
FN:3,notFoundHandler
FNF:1
FNH:0
FNDA:0,notFoundHandler
DA:4,0
LF:1
LH:0
BRF:0
BRH:0
end_of_record
TN:
SF:src/middlewares/rate-limit.middleware.js
FN:20,(anonymous_0)
FN:43,(anonymous_1)
FN:69,(anonymous_2)
FN:94,(anonymous_3)
FNF:4
FNH:2
FNDA:0,(anonymous_0)
FNDA:4,(anonymous_1)
FNDA:2,(anonymous_2)
FNDA:0,(anonymous_3)
DA:5,5
DA:11,5
DA:21,0
DA:22,0
DA:33,5
DA:44,4
DA:49,4
DA:60,5
DA:70,2
DA:74,2
DA:85,5
DA:95,0
DA:100,0
LF:13
LH:9
BRDA:13,0,0,5
BRDA:13,0,1,0
BRDA:35,1,0,5
BRDA:35,1,1,0
BRDA:62,2,0,5
BRDA:62,2,1,0
BRDA:87,3,0,5
BRDA:87,3,1,0
BRF:8
BRH:4
end_of_record
TN:
SF:src/middlewares/registerValidation.middleware.js
FN:1,(anonymous_0)
FN:1,(anonymous_1)
FNF:2
FNH:2
FNDA:1,(anonymous_0)
FNDA:3,(anonymous_1)
DA:1,1
DA:2,3
DA:3,3
DA:4,2
DA:8,1
DA:9,1
LF:6
LH:6
BRDA:3,0,0,2
BRDA:3,0,1,1
BRF:2
BRH:2
end_of_record
TN:
SF:src/routes/admin.routes.js
FNF:0
FNH:0
DA:5,5
DA:10,5
DA:11,5
DA:12,5
LF:4
LH:4
BRF:0
BRH:0
end_of_record
TN:
SF:src/routes/auth.routes.js
FNF:0
FNH:0
DA:6,5
DA:23,5
DA:45,5
DA:73,5
DA:106,5
DA:123,5
LF:6
LH:6
BRF:0
BRH:0
end_of_record
TN:
SF:src/routes/oauth.routes.js
FNF:0
FNH:0
DA:5,5
DA:7,5
DA:8,5
DA:9,5
DA:10,5
LF:5
LH:5
BRF:0
BRH:0
end_of_record
TN:
SF:src/routes/password.routes.js
FNF:0
FNH:0
DA:6,5
DA:9,5
LF:2
LH:2
BRF:0
BRH:0
end_of_record
TN:
SF:src/routes/token.routes.js
FN:53,(anonymous_0)
FN:113,(anonymous_1)
FN:147,(anonymous_2)
FN:191,(anonymous_3)
FNF:4
FNH:0
FNDA:0,(anonymous_0)
FNDA:0,(anonymous_1)
FNDA:0,(anonymous_2)
FNDA:0,(anonymous_3)
DA:6,5
DA:53,5
DA:54,0
DA:56,0
DA:57,0
DA:63,0
DA:65,0
DA:66,0
DA:74,0
DA:113,5
DA:114,0
DA:116,0
DA:147,5
DA:148,0
DA:150,0
DA:152,0
DA:153,0
DA:159,0
DA:191,5
DA:192,0
DA:194,0
DA:196,0
LF:22
LH:5
BRDA:56,0,0,0
BRDA:56,0,1,0
BRDA:65,1,0,0
BRDA:65,1,1,0
BRDA:152,2,0,0
BRDA:152,2,1,0
BRF:6
BRH:0
end_of_record
TN:
SF:src/routes/twoFactor.routes.js
FNF:0
FNH:0
DA:6,5
DA:9,5
DA:42,5
DA:73,5
DA:104,5
DA:136,5
LF:6
LH:6
BRF:0
BRH:0
end_of_record
TN:
SF:src/routes/user.routes.js
FNF:0
FNH:0
DA:6,5
DA:57,5
DA:107,5
DA:128,5
DA:149,5
DA:180,5
DA:197,5
DA:214,5
DA:231,5
DA:248,5
LF:10
LH:10
BRF:0
BRH:0
end_of_record
TN:
SF:src/routes/userRoutes.js
FNF:0
FNH:0
DA:5,5
DA:7,5
DA:8,5
DA:9,5
DA:10,5
LF:5
LH:5
BRF:0
BRH:0
end_of_record
TN:
SF:src/schemas/register.schema.js
FNF:0
FNH:0
DA:3,0
LF:1
LH:0
BRF:0
BRH:0
end_of_record
TN:
SF:src/schemas/user.schema.js
FNF:0
FNH:0
DA:3,5
DA:10,5
DA:15,5
LF:3
LH:3
BRF:0
BRH:0
end_of_record
TN:
SF:src/services/auth.service.js
FN:9,addDays
FN:17,(anonymous_1)
FN:31,(anonymous_2)
FN:42,(anonymous_3)
FN:90,(anonymous_4)
FN:124,(anonymous_5)
FN:141,(anonymous_6)
FNF:7
FNH:0
FNDA:0,addDays
FNDA:0,(anonymous_1)
FNDA:0,(anonymous_2)
FNDA:0,(anonymous_3)
FNDA:0,(anonymous_4)
FNDA:0,(anonymous_5)
FNDA:0,(anonymous_6)
DA:10,0
DA:11,0
DA:12,0
DA:18,0
DA:19,0
DA:22,0
DA:26,0
DA:27,0
DA:28,0
DA:31,0
DA:32,0
DA:37,0
DA:43,0
DA:45,0
DA:50,0
DA:51,0
DA:53,0
DA:57,0
DA:59,0
DA:62,0
DA:68,0
DA:69,0
DA:71,0
DA:81,0
DA:83,0
DA:91,0
DA:94,0
DA:95,0
DA:97,0
DA:101,0
DA:102,0
DA:104,0
DA:112,0
DA:113,0
DA:115,0
DA:116,0
DA:119,0
DA:125,0
DA:126,0
DA:130,0
DA:134,0
DA:135,0
DA:138,0
DA:141,0
DA:142,0
DA:147,0
LF:46
LH:0
BRDA:18,0,0,0
BRDA:18,0,1,0
BRDA:18,1,0,0
BRDA:18,1,1,0
BRDA:26,2,0,0
BRDA:26,2,1,0
BRDA:27,3,0,0
BRDA:27,3,1,0
BRDA:42,4,0,0
BRDA:43,5,0,0
BRDA:43,5,1,0
BRDA:50,6,0,0
BRDA:50,6,1,0
BRDA:51,7,0,0
BRDA:51,7,1,0
BRDA:59,8,0,0
BRDA:59,8,1,0
BRDA:75,9,0,0
BRDA:75,9,1,0
BRDA:76,10,0,0
BRDA:76,10,1,0
BRDA:91,11,0,0
BRDA:91,11,1,0
BRDA:95,12,0,0
BRDA:95,12,1,0
BRDA:112,13,0,0
BRDA:112,13,1,0
BRDA:115,14,0,0
BRDA:115,14,1,0
BRDA:125,15,0,0
BRDA:125,15,1,0
BRDA:125,16,0,0
BRDA:125,16,1,0
BRDA:134,17,0,0
BRDA:134,17,1,0
BRDA:135,18,0,0
BRDA:135,18,1,0
BRF:37
BRH:0
end_of_record
TN:
SF:src/services/blacklist.service.js
FN:8,(anonymous_0)
FN:32,(anonymous_1)
FN:43,(anonymous_2)
FN:60,(anonymous_3)
FN:79,(anonymous_4)
FN:130,(anonymous_5)
FN:148,(anonymous_6)
FNF:7
FNH:5
FNDA:0,(anonymous_0)
FNDA:9,(anonymous_1)
FNDA:1,(anonymous_2)
FNDA:1,(anonymous_3)
FNDA:0,(anonymous_4)
FNDA:1,(anonymous_5)
FNDA:1,(anonymous_6)
DA:9,0
DA:10,0
DA:18,0
DA:21,0
DA:22,0
DA:23,0
DA:25,0
DA:33,9
DA:37,0
DA:44,1
DA:54,0
DA:61,1
DA:71,0
DA:72,0
DA:80,0
DA:83,0
DA:92,0
DA:93,0
DA:103,0
DA:112,0
DA:118,0
DA:131,1
DA:133,1
DA:141,0
DA:142,0
DA:149,1
DA:150,0
DA:154,0
LF:28
LH:6
BRDA:21,0,0,0
BRDA:21,0,1,0
BRF:2
BRH:0
end_of_record
TN:
SF:src/services/email.service.js
FN:22,loadTemplate
FN:27,replaceVariables
FN:36,sendVerificationEmail
FN:59,sendPasswordResetEmail
FN:82,sendLoginNotification
FN:107,sendPasswordChangedNotification
FNF:6
FNH:0
FNDA:0,loadTemplate
FNDA:0,replaceVariables
FNDA:0,sendVerificationEmail
FNDA:0,sendPasswordResetEmail
FNDA:0,sendLoginNotification
FNDA:0,sendPasswordChangedNotification
DA:7,0
DA:8,0
DA:10,0
DA:23,0
DA:24,0
DA:28,0
DA:29,0
DA:30,0
DA:32,0
DA:33,0
DA:37,0
DA:38,0
DA:39,0
DA:40,0
DA:45,0
DA:52,0
DA:54,0
DA:55,0
DA:60,0
DA:61,0
DA:62,0
DA:63,0
DA:68,0
DA:75,0
DA:77,0
DA:78,0
DA:83,0
DA:84,0
DA:85,0
DA:86,0
DA:94,0
DA:101,0
DA:103,0
DA:108,0
DA:109,0
DA:110,0
DA:116,0
DA:123,0
DA:125,0
LF:39
LH:0
BRDA:11,0,0,0
BRDA:11,0,1,0
BRDA:12,1,0,0
BRDA:12,1,1,0
BRDA:14,2,0,0
BRDA:14,2,1,0
BRDA:38,3,0,0
BRDA:38,3,1,0
BRDA:41,4,0,0
BRDA:41,4,1,0
BRDA:46,5,0,0
BRDA:46,5,1,0
BRDA:61,6,0,0
BRDA:61,6,1,0
BRDA:64,7,0,0
BRDA:64,7,1,0
BRDA:69,8,0,0
BRDA:69,8,1,0
BRDA:84,9,0,0
BRDA:84,9,1,0
BRDA:87,10,0,0
BRDA:87,10,1,0
BRDA:89,11,0,0
BRDA:89,11,1,0
BRDA:90,12,0,0
BRDA:90,12,1,0
BRDA:95,13,0,0
BRDA:95,13,1,0
BRDA:111,14,0,0
BRDA:111,14,1,0
BRDA:113,15,0,0
BRDA:113,15,1,0
BRDA:117,16,0,0
BRDA:117,16,1,0
BRF:34
BRH:0
end_of_record
TN:
SF:src/services/oauth.service.js
FN:4,(anonymous_0)
FN:27,(anonymous_1)
FN:57,(anonymous_2)
FNF:3
FNH:0
FNDA:0,(anonymous_0)
FNDA:0,(anonymous_1)
FNDA:0,(anonymous_2)
DA:5,0
DA:12,0
DA:13,0
DA:16,0
DA:28,0
DA:35,0
DA:36,0
DA:39,0
DA:40,0
DA:41,0
DA:48,0
DA:49,0
DA:53,0
DA:54,0
DA:58,0
LF:15
LH:0
BRDA:12,0,0,0
BRDA:12,0,1,0
BRDA:35,1,0,0
BRDA:35,1,1,0
BRDA:40,2,0,0
BRDA:40,2,1,0
BRDA:48,3,0,0
BRDA:48,3,1,0
BRF:8
BRH:0
end_of_record
TN:
SF:src/services/password.service.js
FN:13,(anonymous_0)
FN:36,(anonymous_1)
FN:55,(anonymous_2)
FN:68,(anonymous_3)
FN:90,(anonymous_4)
FN:124,(anonymous_5)
FN:141,(anonymous_6)
FN:171,(anonymous_7)
FNF:8
FNH:0
FNDA:0,(anonymous_0)
FNDA:0,(anonymous_1)
FNDA:0,(anonymous_2)
FNDA:0,(anonymous_3)
FNDA:0,(anonymous_4)
FNDA:0,(anonymous_5)
FNDA:0,(anonymous_6)
FNDA:0,(anonymous_7)
DA:14,0
DA:15,0
DA:21,0
DA:22,0
DA:23,0
DA:24,0
DA:28,0
DA:30,0
DA:31,0
DA:37,0
DA:38,0
DA:46,0
DA:51,0
DA:52,0
DA:53,0
DA:55,0
DA:60,0
DA:62,0
DA:63,0
DA:69,0
DA:70,0
DA:75,0
DA:76,0
DA:79,0
DA:80,0
DA:82,0
DA:84,0
DA:85,0
DA:91,0
DA:92,0
DA:97,0
DA:99,0
DA:100,0
DA:103,0
DA:104,0
DA:107,0
DA:112,0
DA:118,0
DA:119,0
DA:125,0
DA:126,0
DA:133,0
DA:135,0
DA:136,0
DA:142,0
DA:143,0
DA:148,0
DA:149,0
DA:152,0
DA:153,0
DA:154,0
DA:162,0
DA:163,0
DA:165,0
DA:166,0
DA:172,0
DA:173,0
DA:176,0
DA:177,0
DA:178,0
DA:179,0
DA:182,0
DA:183,0
DA:185,0
DA:186,0
DA:188,0
DA:189,0
DA:191,0
DA:192,0
DA:195,0
DA:196,0
DA:197,0
DA:198,0
DA:200,0
LF:74
LH:0
BRDA:23,0,0,0
BRDA:23,0,1,0
BRDA:51,1,0,0
BRDA:51,1,1,0
BRDA:75,2,0,0
BRDA:75,2,1,0
BRDA:75,3,0,0
BRDA:75,3,1,0
BRDA:97,4,0,0
BRDA:97,4,1,0
BRDA:99,5,0,0
BRDA:99,5,1,0
BRDA:103,6,0,0
BRDA:103,6,1,0
BRDA:148,7,0,0
BRDA:148,7,1,0
BRDA:148,8,0,0
BRDA:148,8,1,0
BRDA:153,9,0,0
BRDA:153,9,1,0
BRDA:176,10,0,0
BRDA:176,10,1,0
BRDA:177,11,0,0
BRDA:177,11,1,0
BRDA:178,12,0,0
BRDA:178,12,1,0
BRDA:182,13,0,0
BRDA:182,13,1,0
BRDA:185,14,0,0
BRDA:185,14,1,0
BRDA:188,15,0,0
BRDA:188,15,1,0
BRDA:191,16,0,0
BRDA:191,16,1,0
BRDA:196,17,0,0
BRDA:196,17,1,0
BRDA:197,18,0,0
BRDA:197,18,1,0
BRDA:198,19,0,0
BRDA:198,19,1,0
BRF:40
BRH:0
end_of_record
TN:
SF:src/services/passwordChange.service.js
FN:9,(anonymous_0)
FN:34,(anonymous_1)
FNF:2
FNH:0
FNDA:0,(anonymous_0)
FNDA:0,(anonymous_1)
DA:11,0
DA:15,0
DA:16,0
DA:20,0
DA:21,0
DA:22,0
DA:26,0
DA:27,0
DA:31,0
DA:34,0
DA:36,0
DA:45,0
DA:56,0
LF:13
LH:0
BRDA:15,0,0,0
BRDA:15,0,1,0
BRDA:21,1,0,0
BRDA:21,1,1,0
BRDA:26,2,0,0
BRDA:26,2,1,0
BRF:6
BRH:0
end_of_record
TN:
SF:src/services/passwordHistory.service.js
FN:5,(anonymous_0)
FN:16,(anonymous_1)
FN:26,(anonymous_2)
FN:32,(anonymous_3)
FN:49,(anonymous_4)
FNF:5
FNH:0
FNDA:0,(anonymous_0)
FNDA:0,(anonymous_1)
FNDA:0,(anonymous_2)
FNDA:0,(anonymous_3)
FNDA:0,(anonymous_4)
DA:1,0
DA:2,0
DA:6,0
DA:13,0
DA:17,0
DA:23,0
DA:24,0
DA:26,0
DA:33,0
DA:39,0
DA:40,0
DA:41,0
DA:42,0
DA:46,0
DA:50,0
DA:61,0
LF:16
LH:0
BRDA:16,0,0,0
BRDA:23,1,0,0
BRDA:23,1,1,0
BRDA:41,2,0,0
BRDA:41,2,1,0
BRF:5
BRH:0
end_of_record
TN:
SF:src/services/token.service.js
FN:8,(anonymous_0)
FN:13,(anonymous_1)
FN:86,(anonymous_2)
FN:132,(anonymous_3)
FN:152,(anonymous_4)
FN:170,(anonymous_5)
FN:186,(anonymous_6)
FN:212,(anonymous_7)
FN:225,(anonymous_8)
FN:253,(anonymous_9)
FNF:10
FNH:0
FNDA:0,(anonymous_0)
FNDA:0,(anonymous_1)
FNDA:0,(anonymous_2)
FNDA:0,(anonymous_3)
FNDA:0,(anonymous_4)
FNDA:0,(anonymous_5)
FNDA:0,(anonymous_6)
FNDA:0,(anonymous_7)
FNDA:0,(anonymous_8)
FNDA:0,(anonymous_9)
DA:5,5
DA:9,0
DA:14,0
DA:16,0
DA:20,0
DA:21,0
DA:25,0
DA:33,0
DA:35,0
DA:44,0
DA:45,0
DA:53,0
DA:54,0
DA:56,0
DA:77,0
DA:80,0
DA:81,0
DA:87,0
DA:88,0
DA:89,0
DA:92,0
DA:107,0
DA:108,0
DA:111,0
DA:112,0
DA:115,0
DA:116,0
DA:119,0
DA:126,0
DA:127,0
DA:133,0
DA:134,0
DA:152,0
DA:164,0
DA:165,0
DA:171,0
DA:172,0
DA:177,0
DA:180,0
DA:181,0
DA:187,0
DA:188,0
DA:190,0
DA:191,0
DA:194,0
DA:199,0
DA:206,0
DA:207,0
DA:213,0
DA:214,0
DA:215,0
DA:216,0
DA:217,0
DA:218,0
DA:219,0
DA:227,0
DA:236,0
DA:246,0
DA:254,0
DA:256,0
DA:258,0
DA:260,0
DA:262,0
DA:266,0
DA:267,0
DA:268,0
DA:271,0
DA:274,0
DA:277,0
DA:283,0
DA:288,0
DA:295,0
DA:296,0
LF:73
LH:1
BRDA:13,0,0,0
BRDA:20,1,0,0
BRDA:20,1,1,0
BRDA:33,2,0,0
BRDA:33,2,1,0
BRDA:44,3,0,0
BRDA:44,3,1,0
BRDA:60,4,0,0
BRDA:60,4,1,0
BRDA:61,5,0,0
BRDA:61,5,1,0
BRDA:88,6,0,0
BRDA:88,6,1,0
BRDA:107,7,0,0
BRDA:107,7,1,0
BRDA:111,8,0,0
BRDA:111,8,1,0
BRDA:115,9,0,0
BRDA:115,9,1,0
BRDA:160,10,0,0
BRDA:160,10,1,0
BRDA:186,11,0,0
BRDA:190,12,0,0
BRDA:190,12,1,0
BRDA:213,13,0,0
BRDA:213,13,1,0
BRDA:214,14,0,0
BRDA:214,14,1,0
BRDA:215,15,0,0
BRDA:215,15,1,0
BRDA:216,16,0,0
BRDA:216,16,1,0
BRDA:217,17,0,0
BRDA:217,17,1,0
BRDA:218,18,0,0
BRDA:218,18,1,0
BRDA:253,19,0,0
BRDA:258,20,0,0
BRDA:258,20,1,0
BRDA:260,21,0,0
BRDA:260,21,1,0
BRDA:266,22,0,0
BRDA:266,22,1,0
BRDA:284,23,0,0
BRDA:284,23,1,0
BRDA:285,24,0,0
BRDA:285,24,1,0
BRF:47
BRH:0
end_of_record
TN:
SF:src/services/twoFactor.service.js
FN:10,(anonymous_0)
FN:18,(anonymous_1)
FN:44,(anonymous_2)
FN:87,(anonymous_3)
FN:105,(anonymous_4)
FNF:5
FNH:0
FNDA:0,(anonymous_0)
FNDA:0,(anonymous_1)
FNDA:0,(anonymous_2)
FNDA:0,(anonymous_3)
FNDA:0,(anonymous_4)
DA:12,0
DA:18,0
DA:19,0
DA:23,0
DA:32,0
DA:34,0
DA:45,0
DA:49,0
DA:50,0
DA:54,0
DA:61,0
DA:62,0
DA:66,0
DA:67,0
DA:68,0
DA:70,0
DA:72,0
DA:73,0
DA:77,0
DA:81,0
DA:88,0
DA:90,0
DA:91,0
DA:94,0
DA:99,0
DA:106,0
DA:110,0
DA:111,0
DA:115,0
DA:116,0
DA:118,0
DA:119,0
DA:122,0
DA:131,0
LF:34
LH:0
BRDA:49,0,0,0
BRDA:49,0,1,0
BRDA:49,1,0,0
BRDA:49,1,1,0
BRDA:61,2,0,0
BRDA:61,2,1,0
BRDA:66,3,0,0
BRDA:66,3,1,0
BRDA:70,4,0,0
BRDA:70,4,1,0
BRDA:90,5,0,0
BRDA:90,5,1,0
BRDA:110,6,0,0
BRDA:110,6,1,0
BRDA:118,7,0,0
BRDA:118,7,1,0
BRF:16
BRH:0
end_of_record
TN:
SF:src/services/user.service.js
FN:11,(anonymous_0)
FN:65,(anonymous_1)
FN:91,(anonymous_2)
FN:105,(anonymous_3)
FN:153,(anonymous_4)
FN:181,(anonymous_5)
FN:200,(anonymous_6)
FN:215,(anonymous_7)
FN:235,(anonymous_8)
FNF:9
FNH:2
FNDA:27,(anonymous_0)
FNDA:23,(anonymous_1)
FNDA:0,(anonymous_2)
FNDA:0,(anonymous_3)
FNDA:0,(anonymous_4)
FNDA:0,(anonymous_5)
FNDA:0,(anonymous_6)
FNDA:0,(anonymous_7)
FNDA:0,(anonymous_8)
DA:13,27
DA:17,0
DA:18,0
DA:22,0
DA:25,0
DA:35,0
DA:41,0
DA:47,0
DA:55,0
DA:66,23
DA:69,23
DA:75,0
DA:76,0
DA:80,0
DA:83,0
DA:84,0
DA:93,0
DA:97,0
DA:98,0
DA:107,0
DA:111,0
DA:117,0
DA:123,0
DA:134,0
DA:143,0
DA:154,0
DA:158,0
DA:159,0
DA:162,0
DA:175,0
DA:182,0
DA:184,0
DA:194,0
DA:201,0
DA:205,0
DA:206,0
DA:209,0
DA:216,0
DA:220,0
DA:221,0
DA:224,0
DA:229,0
DA:237,0
DA:238,0
DA:245,0
DA:246,0
DA:247,0
DA:249,0
DA:250,0
DA:251,0
DA:252,0
DA:258,0
LF:52
LH:3
BRDA:17,0,0,0
BRDA:17,0,1,0
BRDA:65,1,0,0
BRDA:75,2,0,0
BRDA:75,2,1,0
BRDA:83,3,0,0
BRDA:83,3,1,0
BRDA:97,4,0,0
BRDA:97,4,1,0
BRDA:153,5,0,0
BRDA:158,6,0,0
BRDA:158,6,1,0
BRDA:181,7,0,0
BRDA:205,8,0,0
BRDA:205,8,1,0
BRDA:220,9,0,0
BRDA:220,9,1,0
BRDA:237,10,0,0
BRDA:237,10,1,0
BRDA:245,11,0,0
BRDA:245,11,1,0
BRF:21
BRH:0
end_of_record
TN:
SF:src/services/userService.js
FN:5,(anonymous_0)
FN:27,(anonymous_1)
FN:59,(anonymous_2)
FN:88,(anonymous_3)
FNF:4
FNH:0
FNDA:0,(anonymous_0)
FNDA:0,(anonymous_1)
FNDA:0,(anonymous_2)
FNDA:0,(anonymous_3)
DA:6,0
DA:20,0
DA:21,0
DA:24,0
DA:28,0
DA:30,0
DA:31,0
DA:38,0
DA:39,0
DA:43,0
DA:60,0
DA:62,0
DA:63,0
DA:66,0
DA:67,0
DA:68,0
DA:69,0
DA:73,0
DA:80,0
DA:85,0
DA:89,0
DA:121,0
DA:122,0
DA:125,0
DA:126,0
DA:128,0
LF:26
LH:0
BRDA:20,0,0,0
BRDA:20,0,1,0
BRDA:30,1,0,0
BRDA:30,1,1,0
BRDA:38,2,0,0
BRDA:38,2,1,0
BRDA:46,3,0,0
BRDA:46,3,1,0
BRDA:47,4,0,0
BRDA:47,4,1,0
BRDA:62,5,0,0
BRDA:62,5,1,0
BRDA:66,6,0,0
BRDA:66,6,1,0
BRDA:68,7,0,0
BRDA:68,7,1,0
BRDA:121,8,0,0
BRDA:121,8,1,0
BRF:18
BRH:0
end_of_record
TN:
SF:src/services/verification.service.js
FN:9,(anonymous_0)
FN:36,(anonymous_1)
FN:62,(anonymous_2)
FNF:3
FNH:0
FNDA:0,(anonymous_0)
FNDA:0,(anonymous_1)
FNDA:0,(anonymous_2)
DA:11,0
DA:14,0
DA:17,0
DA:22,0
DA:30,0
DA:38,0
DA:42,0
DA:43,0
DA:46,0
DA:47,0
DA:51,0
DA:54,0
DA:56,0
DA:64,0
DA:68,0
DA:69,0
DA:73,0
DA:74,0
DA:77,0
DA:81,0
DA:87,0
DA:91,0
LF:22
LH:0
BRDA:42,0,0,0
BRDA:42,0,1,0
BRDA:46,1,0,0
BRDA:46,1,1,0
BRDA:68,2,0,0
BRDA:68,2,1,0
BRDA:73,3,0,0
BRDA:73,3,1,0
BRF:8
BRH:0
end_of_record
